{"/Users/tanmaypandya/Documents/hello/buenaCaseStudy/backend/src/app.module.ts": {"path":"/Users/tanmaypandya/Documents/hello/buenaCaseStudy/backend/src/app.module.ts","statementMap":{"0":{"start":{"line":1,"column":0},"end":{"line":1,"column":40}},"1":{"start":{"line":2,"column":0},"end":{"line":2,"column":41}},"2":{"start":{"line":3,"column":0},"end":{"line":3,"column":60}},"3":{"start":{"line":4,"column":0},"end":{"line":4,"column":66}},"4":{"start":{"line":5,"column":0},"end":{"line":5,"column":63}},"5":{"start":{"line":6,"column":0},"end":{"line":6,"column":74}},"6":{"start":{"line":7,"column":0},"end":{"line":7,"column":51}},"7":{"start":{"line":8,"column":0},"end":{"line":8,"column":63}},"8":{"start":{"line":9,"column":0},"end":{"line":9,"column":51}},"9":{"start":{"line":10,"column":0},"end":{"line":10,"column":48}},"10":{"start":{"line":11,"column":0},"end":{"line":11,"column":63}},"11":{"start":{"line":26,"column":7},"end":{"line":26,"column":null}},"12":{"start":{"line":26,"column":13},"end":{"line":26,"column":22}},"13":{"start":{"line":26,"column":13},"end":{"line":26,"column":null}}},"fnMap":{},"branchMap":{},"s":{"0":0,"1":0,"2":0,"3":0,"4":0,"5":0,"6":0,"7":0,"8":0,"9":0,"10":0,"11":0,"12":0,"13":0},"f":{},"b":{}}
,"/Users/tanmaypandya/Documents/hello/buenaCaseStudy/backend/src/main.ts": {"path":"/Users/tanmaypandya/Documents/hello/buenaCaseStudy/backend/src/main.ts","statementMap":{"0":{"start":{"line":1,"column":0},"end":{"line":1,"column":23}},"1":{"start":{"line":2,"column":0},"end":{"line":2,"column":43}},"2":{"start":{"line":3,"column":0},"end":{"line":3,"column":41}},"3":{"start":{"line":4,"column":0},"end":{"line":4,"column":48}},"4":{"start":{"line":5,"column":0},"end":{"line":5,"column":81}},"5":{"start":{"line":8,"column":14},"end":{"line":8,"column":49}},"6":{"start":{"line":9,"column":2},"end":{"line":9,"column":19}},"7":{"start":{"line":10,"column":2},"end":{"line":15,"column":4}},"8":{"start":{"line":16,"column":2},"end":{"line":16,"column":52}},"9":{"start":{"line":17,"column":2},"end":{"line":17,"column":45}},"10":{"start":{"line":20,"column":0},"end":{"line":20,"column":12}}},"fnMap":{"0":{"name":"bootstrap","decl":{"start":{"line":7,"column":15},"end":{"line":7,"column":24}},"loc":{"start":{"line":7,"column":24},"end":{"line":18,"column":1}}}},"branchMap":{"0":{"loc":{"start":{"line":17,"column":19},"end":{"line":17,"column":43}},"type":"binary-expr","locations":[{"start":{"line":17,"column":19},"end":{"line":17,"column":35}},{"start":{"line":17,"column":39},"end":{"line":17,"column":43}}]}},"s":{"0":0,"1":0,"2":0,"3":0,"4":0,"5":0,"6":0,"7":0,"8":0,"9":0,"10":0},"f":{"0":0},"b":{"0":[0,0]}}
,"/Users/tanmaypandya/Documents/hello/buenaCaseStudy/backend/src/ai-extraction/ai-extraction.controller.ts": {"path":"/Users/tanmaypandya/Documents/hello/buenaCaseStudy/backend/src/ai-extraction/ai-extraction.controller.ts","statementMap":{"0":{"start":{"line":1,"column":0},"end":{"line":1,"column":44}},"1":{"start":{"line":4,"column":7},"end":{"line":4,"column":null}},"2":{"start":{"line":4,"column":13},"end":{"line":4,"column":35}},"3":{"start":{"line":4,"column":13},"end":{"line":4,"column":null}}},"fnMap":{},"branchMap":{},"s":{"0":0,"1":0,"2":0,"3":0},"f":{},"b":{}}
,"/Users/tanmaypandya/Documents/hello/buenaCaseStudy/backend/src/ai-extraction/ai-extraction.module.ts": {"path":"/Users/tanmaypandya/Documents/hello/buenaCaseStudy/backend/src/ai-extraction/ai-extraction.module.ts","statementMap":{"0":{"start":{"line":1,"column":0},"end":{"line":1,"column":40}},"1":{"start":{"line":2,"column":0},"end":{"line":2,"column":62}},"2":{"start":{"line":8,"column":7},"end":{"line":8,"column":null}},"3":{"start":{"line":8,"column":13},"end":{"line":8,"column":31}},"4":{"start":{"line":8,"column":13},"end":{"line":8,"column":null}}},"fnMap":{},"branchMap":{},"s":{"0":0,"1":0,"2":0,"3":0,"4":0},"f":{},"b":{}}
,"/Users/tanmaypandya/Documents/hello/buenaCaseStudy/backend/src/ai-extraction/ai-extraction.service.ts": {"path":"/Users/tanmaypandya/Documents/hello/buenaCaseStudy/backend/src/ai-extraction/ai-extraction.service.ts","statementMap":{"0":{"start":{"line":1,"column":0},"end":{"line":1,"column":73}},"1":{"start":{"line":2,"column":0},"end":{"line":2,"column":59}},"2":{"start":{"line":3,"column":0},"end":{"line":3,"column":33}},"3":{"start":{"line":7,"column":32},"end":{"line":97,"column":null}},"4":{"start":{"line":8,"column":45},"end":{"line":8,"column":49}},"5":{"start":{"line":9,"column":28},"end":{"line":9,"column":64}},"6":{"start":{"line":12,"column":19},"end":{"line":12,"column":45}},"7":{"start":{"line":13,"column":4},"end":{"line":19,"column":5}},"8":{"start":{"line":14,"column":6},"end":{"line":16,"column":8}},"9":{"start":{"line":18,"column":6},"end":{"line":18,"column":50}},"10":{"start":{"line":23,"column":4},"end":{"line":27,"column":5}},"11":{"start":{"line":24,"column":6},"end":{"line":26,"column":8}},"12":{"start":{"line":29,"column":20},"end":{"line":29,"column":51}},"13":{"start":{"line":30,"column":23},"end":{"line":30,"column":35}},"14":{"start":{"line":33,"column":4},"end":{"line":39,"column":5}},"15":{"start":{"line":34,"column":25},"end":{"line":34,"column":43}},"16":{"start":{"line":35,"column":23},"end":{"line":36,"column":null}},"17":{"start":{"line":36,"column":8},"end":{"line":36,"column":54}},"18":{"start":{"line":38,"column":6},"end":{"line":38,"column":55}},"19":{"start":{"line":41,"column":4},"end":{"line":43,"column":5}},"20":{"start":{"line":42,"column":6},"end":{"line":42,"column":71}},"21":{"start":{"line":45,"column":19},"end":{"line":60,"column":57}},"22":{"start":{"line":62,"column":18},"end":{"line":68,"column":6}},"23":{"start":{"line":70,"column":19},"end":{"line":70,"column":54}},"24":{"start":{"line":71,"column":16},"end":{"line":71,"column":38}},"25":{"start":{"line":73,"column":22},"end":{"line":73,"column":46}},"26":{"start":{"line":74,"column":4},"end":{"line":76,"column":5}},"27":{"start":{"line":75,"column":6},"end":{"line":75,"column":68}},"28":{"start":{"line":78,"column":19},"end":{"line":78,"column":63}},"29":{"start":{"line":81,"column":23},"end":{"line":83,"column":null}},"30":{"start":{"line":82,"column":18},"end":{"line":82,"column":49}},"31":{"start":{"line":86,"column":23},"end":{"line":86,"column":56}},"32":{"start":{"line":88,"column":4},"end":{"line":95,"column":6}},"33":{"start":{"line":7,"column":13},"end":{"line":7,"column":32}},"34":{"start":{"line":7,"column":13},"end":{"line":97,"column":null}}},"fnMap":{"0":{"name":"(anonymous_3)","decl":{"start":{"line":11,"column":2},"end":{"line":11,"column":null}},"loc":{"start":{"line":11,"column":2},"end":{"line":20,"column":3}}},"1":{"name":"(anonymous_4)","decl":{"start":{"line":22,"column":2},"end":{"line":22,"column":7}},"loc":{"start":{"line":22,"column":37},"end":{"line":96,"column":3}}},"2":{"name":"(anonymous_5)","decl":{"start":{"line":35,"column":41},"end":{"line":35,"column":42}},"loc":{"start":{"line":36,"column":8},"end":{"line":36,"column":54}}},"3":{"name":"(anonymous_6)","decl":{"start":{"line":82,"column":6},"end":{"line":82,"column":7}},"loc":{"start":{"line":82,"column":18},"end":{"line":82,"column":49}}}},"branchMap":{"0":{"loc":{"start":{"line":13,"column":4},"end":{"line":19,"column":5}},"type":"if","locations":[{"start":{"line":13,"column":4},"end":{"line":19,"column":5}},{"start":{"line":17,"column":11},"end":{"line":19,"column":5}}]},"1":{"loc":{"start":{"line":13,"column":8},"end":{"line":13,"column":56}},"type":"binary-expr","locations":[{"start":{"line":13,"column":8},"end":{"line":13,"column":15}},{"start":{"line":13,"column":19},"end":{"line":13,"column":56}}]},"2":{"loc":{"start":{"line":23,"column":4},"end":{"line":27,"column":5}},"type":"if","locations":[{"start":{"line":23,"column":4},"end":{"line":27,"column":5}},{"start":{},"end":{}}]},"3":{"loc":{"start":{"line":33,"column":4},"end":{"line":39,"column":5}},"type":"if","locations":[{"start":{"line":33,"column":4},"end":{"line":39,"column":5}},{"start":{},"end":{}}]},"4":{"loc":{"start":{"line":41,"column":4},"end":{"line":43,"column":5}},"type":"if","locations":[{"start":{"line":41,"column":4},"end":{"line":43,"column":5}},{"start":{},"end":{}}]},"5":{"loc":{"start":{"line":41,"column":8},"end":{"line":41,"column":41}},"type":"binary-expr","locations":[{"start":{"line":41,"column":8},"end":{"line":41,"column":13}},{"start":{"line":41,"column":17},"end":{"line":41,"column":41}}]},"6":{"loc":{"start":{"line":74,"column":4},"end":{"line":76,"column":5}},"type":"if","locations":[{"start":{"line":74,"column":4},"end":{"line":76,"column":5}},{"start":{},"end":{}}]},"7":{"loc":{"start":{"line":81,"column":24},"end":{"line":81,"column":42}},"type":"binary-expr","locations":[{"start":{"line":81,"column":24},"end":{"line":81,"column":36}},{"start":{"line":81,"column":40},"end":{"line":81,"column":42}}]},"8":{"loc":{"start":{"line":82,"column":25},"end":{"line":82,"column":48}},"type":"binary-expr","locations":[{"start":{"line":82,"column":25},"end":{"line":82,"column":43}},{"start":{"line":82,"column":47},"end":{"line":82,"column":48}}]},"9":{"loc":{"start":{"line":89,"column":18},"end":{"line":89,"column":38}},"type":"cond-expr","locations":[{"start":{"line":89,"column":31},"end":{"line":89,"column":33}},{"start":{"line":89,"column":36},"end":{"line":89,"column":38}}]},"10":{"loc":{"start":{"line":90,"column":17},"end":{"line":90,"column":39}},"type":"binary-expr","locations":[{"start":{"line":90,"column":17},"end":{"line":90,"column":33}},{"start":{"line":90,"column":37},"end":{"line":90,"column":39}}]},"11":{"loc":{"start":{"line":91,"column":13},"end":{"line":91,"column":31}},"type":"binary-expr","locations":[{"start":{"line":91,"column":13},"end":{"line":91,"column":25}},{"start":{"line":91,"column":29},"end":{"line":91,"column":31}}]},"12":{"loc":{"start":{"line":92,"column":15},"end":{"line":94,"column":79}},"type":"cond-expr","locations":[{"start":{"line":93,"column":10},"end":{"line":93,"column":19}},{"start":{"line":94,"column":10},"end":{"line":94,"column":79}}]}},"s":{"0":2,"1":2,"2":2,"3":2,"4":6,"5":6,"6":6,"7":6,"8":1,"9":5,"10":6,"11":2,"12":4,"13":4,"14":4,"15":0,"16":0,"17":0,"18":0,"19":4,"20":1,"21":3,"22":3,"23":3,"24":3,"25":3,"26":3,"27":1,"28":2,"29":2,"30":2,"31":2,"32":2,"33":2,"34":2},"f":{"0":6,"1":6,"2":0,"3":2},"b":{"0":[1,5],"1":[6,5],"2":[2,4],"3":[0,4],"4":[1,3],"5":[4,3],"6":[1,2],"7":[2,0],"8":[2,0],"9":[1,1],"10":[2,0],"11":[2,0],"12":[1,1]}}
,"/Users/tanmaypandya/Documents/hello/buenaCaseStudy/backend/src/ai-extraction/dto/start-ai-extraction.dto/start-ai-extraction.dto.ts": {"path":"/Users/tanmaypandya/Documents/hello/buenaCaseStudy/backend/src/ai-extraction/dto/start-ai-extraction.dto/start-ai-extraction.dto.ts","statementMap":{"0":{"start":{"line":1,"column":0},"end":{"line":1,"column":13}}},"fnMap":{},"branchMap":{},"s":{"0":0},"f":{},"b":{}}
,"/Users/tanmaypandya/Documents/hello/buenaCaseStudy/backend/src/auth/auth.module.ts": {"path":"/Users/tanmaypandya/Documents/hello/buenaCaseStudy/backend/src/auth/auth.module.ts","statementMap":{"0":{"start":{"line":1,"column":0},"end":{"line":1,"column":40}},"1":{"start":{"line":2,"column":0},"end":{"line":2,"column":40}},"2":{"start":{"line":3,"column":0},"end":{"line":3,"column":58}},"3":{"start":{"line":14,"column":7},"end":{"line":14,"column":null}},"4":{"start":{"line":14,"column":13},"end":{"line":14,"column":23}},"5":{"start":{"line":14,"column":13},"end":{"line":14,"column":null}}},"fnMap":{},"branchMap":{},"s":{"0":0,"1":0,"2":0,"3":0,"4":0,"5":0},"f":{},"b":{}}
,"/Users/tanmaypandya/Documents/hello/buenaCaseStudy/backend/src/auth/skip-auth.decorator.ts": {"path":"/Users/tanmaypandya/Documents/hello/buenaCaseStudy/backend/src/auth/skip-auth.decorator.ts","statementMap":{"0":{"start":{"line":1,"column":0},"end":{"line":1,"column":45}},"1":{"start":{"line":3,"column":13},"end":{"line":3,"column":40}},"2":{"start":{"line":5,"column":24},"end":{"line":5,"column":62}},"3":{"start":{"line":5,"column":30},"end":{"line":5,"column":62}},"4":{"start":{"line":5,"column":13},"end":{"line":5,"column":24}}},"fnMap":{"0":{"name":"(anonymous_0)","decl":{"start":{"line":5,"column":24},"end":{"line":5,"column":27}},"loc":{"start":{"line":5,"column":30},"end":{"line":5,"column":62}}}},"branchMap":{},"s":{"0":1,"1":1,"2":1,"3":0,"4":1},"f":{"0":0},"b":{}}
,"/Users/tanmaypandya/Documents/hello/buenaCaseStudy/backend/src/auth/supabase-auth.guard.ts": {"path":"/Users/tanmaypandya/Documents/hello/buenaCaseStudy/backend/src/auth/supabase-auth.guard.ts","statementMap":{"0":{"start":{"line":1,"column":0},"end":{"line":1,"column":null}},"1":{"start":{"line":7,"column":0},"end":{"line":7,"column":41}},"2":{"start":{"line":8,"column":0},"end":{"line":8,"column":41}},"3":{"start":{"line":10,"column":0},"end":{"line":10,"column":54}},"4":{"start":{"line":13,"column":7},"end":{"line":47,"column":null}},"5":{"start":{"line":15,"column":21},"end":{"line":15,"column":33}},"6":{"start":{"line":16,"column":21},"end":{"line":16,"column":32}},"7":{"start":{"line":20,"column":21},"end":{"line":23,"column":6}},"8":{"start":{"line":24,"column":4},"end":{"line":24,"column":30}},"9":{"start":{"line":24,"column":18},"end":{"line":24,"column":30}},"10":{"start":{"line":26,"column":20},"end":{"line":26,"column":64}},"11":{"start":{"line":27,"column":18},"end":{"line":27,"column":50}},"12":{"start":{"line":29,"column":4},"end":{"line":31,"column":5}},"13":{"start":{"line":30,"column":6},"end":{"line":30,"column":70}},"14":{"start":{"line":33,"column":4},"end":{"line":38,"column":5}},"15":{"start":{"line":34,"column":22},"end":{"line":34,"column":62}},"16":{"start":{"line":35,"column":6},"end":{"line":35,"column":32}},"17":{"start":{"line":37,"column":6},"end":{"line":37,"column":66}},"18":{"start":{"line":40,"column":4},"end":{"line":40,"column":16}},"19":{"start":{"line":44,"column":26},"end":{"line":44,"column":73}},"20":{"start":{"line":45,"column":4},"end":{"line":45,"column":49}},"21":{"start":{"line":13,"column":13},"end":{"line":13,"column":30}},"22":{"start":{"line":13,"column":13},"end":{"line":47,"column":null}}},"fnMap":{"0":{"name":"(anonymous_2)","decl":{"start":{"line":14,"column":2},"end":{"line":14,"column":null}},"loc":{"start":{"line":16,"column":41},"end":{"line":17,"column":6}}},"1":{"name":"(anonymous_3)","decl":{"start":{"line":19,"column":2},"end":{"line":19,"column":7}},"loc":{"start":{"line":19,"column":45},"end":{"line":41,"column":3}}},"2":{"name":"(anonymous_4)","decl":{"start":{"line":43,"column":10},"end":{"line":43,"column":28}},"loc":{"start":{"line":43,"column":45},"end":{"line":46,"column":3}}}},"branchMap":{"0":{"loc":{"start":{"line":24,"column":4},"end":{"line":24,"column":30}},"type":"if","locations":[{"start":{"line":24,"column":4},"end":{"line":24,"column":30}},{"start":{},"end":{}}]},"1":{"loc":{"start":{"line":29,"column":4},"end":{"line":31,"column":5}},"type":"if","locations":[{"start":{"line":29,"column":4},"end":{"line":31,"column":5}},{"start":{},"end":{}}]},"2":{"loc":{"start":{"line":44,"column":26},"end":{"line":44,"column":73}},"type":"binary-expr","locations":[{"start":{"line":44,"column":26},"end":{"line":44,"column":67}},{"start":{"line":44,"column":71},"end":{"line":44,"column":73}}]},"3":{"loc":{"start":{"line":45,"column":11},"end":{"line":45,"column":48}},"type":"cond-expr","locations":[{"start":{"line":45,"column":31},"end":{"line":45,"column":36}},{"start":{"line":45,"column":39},"end":{"line":45,"column":48}}]},"4":{"loc":{"start":{"line":15,"column":33},"end":{"line":15,"column":null}},"type":"cond-expr","locations":[{"start":{"line":15,"column":43},"end":{"line":15,"column":null}},{"start":{"line":15,"column":43},"end":{"line":15,"column":null}}]},"5":{"loc":{"start":{"line":15,"column":33},"end":{"line":15,"column":43}},"type":"binary-expr","locations":[{"start":{"line":15,"column":33},"end":{"line":15,"column":null}},{"start":{"line":15,"column":33},"end":{"line":15,"column":43}}]},"6":{"loc":{"start":{"line":15,"column":43},"end":{"line":16,"column":null}},"type":"cond-expr","locations":[{"start":{"line":16,"column":41},"end":{"line":16,"column":null}},{"start":{"line":16,"column":41},"end":{"line":16,"column":null}}]},"7":{"loc":{"start":{"line":15,"column":43},"end":{"line":16,"column":41}},"type":"binary-expr","locations":[{"start":{"line":15,"column":43},"end":{"line":16,"column":null}},{"start":{"line":16,"column":32},"end":{"line":16,"column":41}}]}},"s":{"0":1,"1":1,"2":1,"3":1,"4":1,"5":5,"6":5,"7":7,"8":7,"9":1,"10":6,"11":6,"12":6,"13":3,"14":3,"15":3,"16":1,"17":2,"18":1,"19":6,"20":6,"21":1,"22":1},"f":{"0":5,"1":7,"2":6},"b":{"0":[1,6],"1":[3,3],"2":[6,2],"3":[3,3],"4":[1,0],"5":[1,1],"6":[1,0],"7":[1,1]}}
,"/Users/tanmaypandya/Documents/hello/buenaCaseStudy/backend/src/buildings/buildings.controller.ts": {"path":"/Users/tanmaypandya/Documents/hello/buenaCaseStudy/backend/src/buildings/buildings.controller.ts","statementMap":{"0":{"start":{"line":1,"column":0},"end":{"line":1,"column":44}},"1":{"start":{"line":4,"column":7},"end":{"line":4,"column":null}},"2":{"start":{"line":4,"column":13},"end":{"line":4,"column":32}},"3":{"start":{"line":4,"column":13},"end":{"line":4,"column":null}}},"fnMap":{},"branchMap":{},"s":{"0":0,"1":0,"2":0,"3":0},"f":{},"b":{}}
,"/Users/tanmaypandya/Documents/hello/buenaCaseStudy/backend/src/buildings/buildings.module.ts": {"path":"/Users/tanmaypandya/Documents/hello/buenaCaseStudy/backend/src/buildings/buildings.module.ts","statementMap":{"0":{"start":{"line":1,"column":0},"end":{"line":1,"column":40}},"1":{"start":{"line":2,"column":0},"end":{"line":2,"column":61}},"2":{"start":{"line":3,"column":0},"end":{"line":3,"column":55}},"3":{"start":{"line":9,"column":7},"end":{"line":9,"column":null}},"4":{"start":{"line":9,"column":13},"end":{"line":9,"column":28}},"5":{"start":{"line":9,"column":13},"end":{"line":9,"column":null}}},"fnMap":{},"branchMap":{},"s":{"0":0,"1":0,"2":0,"3":0,"4":0,"5":0},"f":{},"b":{}}
,"/Users/tanmaypandya/Documents/hello/buenaCaseStudy/backend/src/buildings/buildings.service.ts": {"path":"/Users/tanmaypandya/Documents/hello/buenaCaseStudy/backend/src/buildings/buildings.service.ts","statementMap":{"0":{"start":{"line":1,"column":0},"end":{"line":1,"column":44}},"1":{"start":{"line":4,"column":7},"end":{"line":4,"column":null}},"2":{"start":{"line":4,"column":13},"end":{"line":4,"column":29}},"3":{"start":{"line":4,"column":13},"end":{"line":4,"column":null}}},"fnMap":{},"branchMap":{},"s":{"0":0,"1":0,"2":0,"3":0},"f":{},"b":{}}
,"/Users/tanmaypandya/Documents/hello/buenaCaseStudy/backend/src/buildings/dto/create-building.dto/create-building.dto.ts": {"path":"/Users/tanmaypandya/Documents/hello/buenaCaseStudy/backend/src/buildings/dto/create-building.dto/create-building.dto.ts","statementMap":{"0":{"start":{"line":1,"column":0},"end":{"line":1,"column":55}},"1":{"start":{"line":3,"column":0},"end":{"line":3,"column":13}},"2":{"start":{"line":6,"column":2},"end":{"line":6,"column":null}},"3":{"start":{"line":10,"column":2},"end":{"line":10,"column":null}},"4":{"start":{"line":14,"column":2},"end":{"line":14,"column":null}},"5":{"start":{"line":18,"column":2},"end":{"line":18,"column":null}},"6":{"start":{"line":22,"column":2},"end":{"line":22,"column":null}}},"fnMap":{},"branchMap":{},"s":{"0":0,"1":0,"2":0,"3":0,"4":0,"5":0,"6":0},"f":{},"b":{}}
,"/Users/tanmaypandya/Documents/hello/buenaCaseStudy/backend/src/common/filters/prisma-exception.filter.ts": {"path":"/Users/tanmaypandya/Documents/hello/buenaCaseStudy/backend/src/common/filters/prisma-exception.filter.ts","statementMap":{"0":{"start":{"line":1,"column":0},"end":{"line":1,"column":91}},"1":{"start":{"line":2,"column":0},"end":{"line":2,"column":40}},"2":{"start":{"line":6,"column":34},"end":{"line":53,"column":null}},"3":{"start":{"line":7,"column":28},"end":{"line":7,"column":66}},"4":{"start":{"line":10,"column":16},"end":{"line":10,"column":35}},"5":{"start":{"line":11,"column":21},"end":{"line":11,"column":48}},"6":{"start":{"line":13,"column":4},"end":{"line":13,"column":58}},"7":{"start":{"line":15,"column":4},"end":{"line":35,"column":5}},"8":{"start":{"line":16,"column":19},"end":{"line":16,"column":51}},"9":{"start":{"line":17,"column":20},"end":{"line":17,"column":36}},"10":{"start":{"line":19,"column":6},"end":{"line":32,"column":7}},"11":{"start":{"line":21,"column":10},"end":{"line":21,"column":39}},"12":{"start":{"line":22,"column":10},"end":{"line":22,"column":106}},"13":{"start":{"line":23,"column":10},"end":{"line":23,"column":16}},"14":{"start":{"line":25,"column":10},"end":{"line":25,"column":40}},"15":{"start":{"line":26,"column":10},"end":{"line":26,"column":39}},"16":{"start":{"line":27,"column":10},"end":{"line":27,"column":16}},"17":{"start":{"line":29,"column":10},"end":{"line":29,"column":42}},"18":{"start":{"line":30,"column":10},"end":{"line":30,"column":52}},"19":{"start":{"line":31,"column":10},"end":{"line":31,"column":16}},"20":{"start":{"line":34,"column":6},"end":{"line":34,"column":62}},"21":{"start":{"line":37,"column":4},"end":{"line":42,"column":5}},"22":{"start":{"line":38,"column":6},"end":{"line":41,"column":9}},"23":{"start":{"line":44,"column":4},"end":{"line":49,"column":5}},"24":{"start":{"line":45,"column":6},"end":{"line":48,"column":9}},"25":{"start":{"line":51,"column":4},"end":{"line":51,"column":88}},"26":{"start":{"line":6,"column":13},"end":{"line":6,"column":34}},"27":{"start":{"line":6,"column":13},"end":{"line":53,"column":null}}},"fnMap":{"0":{"name":"(anonymous_1)","decl":{"start":{"line":9,"column":2},"end":{"line":9,"column":7}},"loc":{"start":{"line":9,"column":45},"end":{"line":52,"column":3}}}},"branchMap":{"0":{"loc":{"start":{"line":15,"column":4},"end":{"line":35,"column":5}},"type":"if","locations":[{"start":{"line":15,"column":4},"end":{"line":35,"column":5}},{"start":{},"end":{}}]},"1":{"loc":{"start":{"line":19,"column":6},"end":{"line":32,"column":7}},"type":"switch","locations":[{"start":{"line":20,"column":8},"end":{"line":23,"column":16}},{"start":{"line":24,"column":8},"end":{"line":27,"column":16}},{"start":{"line":28,"column":8},"end":{"line":31,"column":16}}]},"2":{"loc":{"start":{"line":37,"column":4},"end":{"line":42,"column":5}},"type":"if","locations":[{"start":{"line":37,"column":4},"end":{"line":42,"column":5}},{"start":{},"end":{}}]},"3":{"loc":{"start":{"line":44,"column":4},"end":{"line":49,"column":5}},"type":"if","locations":[{"start":{"line":44,"column":4},"end":{"line":49,"column":5}},{"start":{},"end":{}}]}},"s":{"0":1,"1":1,"2":1,"3":6,"4":6,"5":6,"6":6,"7":6,"8":4,"9":4,"10":4,"11":1,"12":1,"13":1,"14":1,"15":1,"16":1,"17":1,"18":1,"19":1,"20":4,"21":2,"22":1,"23":1,"24":1,"25":0,"26":1,"27":1},"f":{"0":6},"b":{"0":[4,2],"1":[1,1,1],"2":[1,1],"3":[1,0]}}
,"/Users/tanmaypandya/Documents/hello/buenaCaseStudy/backend/src/database/database.module.ts": {"path":"/Users/tanmaypandya/Documents/hello/buenaCaseStudy/backend/src/database/database.module.ts","statementMap":{"0":{"start":{"line":1,"column":0},"end":{"line":1,"column":48}},"1":{"start":{"line":2,"column":0},"end":{"line":2,"column":49}},"2":{"start":{"line":9,"column":7},"end":{"line":9,"column":null}},"3":{"start":{"line":9,"column":13},"end":{"line":9,"column":27}},"4":{"start":{"line":9,"column":13},"end":{"line":9,"column":null}}},"fnMap":{},"branchMap":{},"s":{"0":0,"1":0,"2":0,"3":0,"4":0},"f":{},"b":{}}
,"/Users/tanmaypandya/Documents/hello/buenaCaseStudy/backend/src/database/prisma.service.ts": {"path":"/Users/tanmaypandya/Documents/hello/buenaCaseStudy/backend/src/database/prisma.service.ts","statementMap":{"0":{"start":{"line":1,"column":0},"end":{"line":1,"column":83}},"1":{"start":{"line":2,"column":0},"end":{"line":2,"column":46}},"2":{"start":{"line":3,"column":0},"end":{"line":3,"column":46}},"3":{"start":{"line":4,"column":0},"end":{"line":4,"column":26}},"4":{"start":{"line":7,"column":26},"end":{"line":32,"column":null}},"5":{"start":{"line":9,"column":28},"end":{"line":9,"column":58}},"6":{"start":{"line":12,"column":29},"end":{"line":12,"column":53}},"7":{"start":{"line":13,"column":17},"end":{"line":13,"column":47}},"8":{"start":{"line":14,"column":20},"end":{"line":14,"column":38}},"9":{"start":{"line":15,"column":4},"end":{"line":15,"column":47}},"10":{"start":{"line":16,"column":4},"end":{"line":16,"column":21}},"11":{"start":{"line":21,"column":4},"end":{"line":26,"column":5}},"12":{"start":{"line":22,"column":6},"end":{"line":22,"column":40}},"13":{"start":{"line":23,"column":6},"end":{"line":23,"column":57}},"14":{"start":{"line":25,"column":6},"end":{"line":25,"column":81}},"15":{"start":{"line":30,"column":4},"end":{"line":30,"column":26}},"16":{"start":{"line":7,"column":13},"end":{"line":7,"column":26}},"17":{"start":{"line":7,"column":13},"end":{"line":32,"column":null}}},"fnMap":{"0":{"name":"(anonymous_2)","decl":{"start":{"line":11,"column":2},"end":{"line":11,"column":null}},"loc":{"start":{"line":11,"column":2},"end":{"line":17,"column":3}}},"1":{"name":"(anonymous_3)","decl":{"start":{"line":19,"column":2},"end":{"line":19,"column":7}},"loc":{"start":{"line":19,"column":20},"end":{"line":27,"column":3}}},"2":{"name":"(anonymous_4)","decl":{"start":{"line":29,"column":2},"end":{"line":29,"column":7}},"loc":{"start":{"line":29,"column":23},"end":{"line":31,"column":3}}}},"branchMap":{},"s":{"0":3,"1":3,"2":3,"3":3,"4":3,"5":0,"6":0,"7":0,"8":0,"9":0,"10":0,"11":0,"12":0,"13":0,"14":0,"15":0,"16":3,"17":3},"f":{"0":0,"1":0,"2":0},"b":{}}
,"/Users/tanmaypandya/Documents/hello/buenaCaseStudy/backend/src/documents/documents.controller.ts": {"path":"/Users/tanmaypandya/Documents/hello/buenaCaseStudy/backend/src/documents/documents.controller.ts","statementMap":{"0":{"start":{"line":1,"column":0},"end":{"line":1,"column":null}},"1":{"start":{"line":8,"column":0},"end":{"line":8,"column":60}},"2":{"start":{"line":9,"column":0},"end":{"line":9,"column":55}},"3":{"start":{"line":12,"column":7},"end":{"line":32,"column":null}},"4":{"start":{"line":13,"column":31},"end":{"line":13,"column":49}},"5":{"start":{"line":18,"column":4},"end":{"line":20,"column":5}},"6":{"start":{"line":19,"column":6},"end":{"line":19,"column":57}},"7":{"start":{"line":21,"column":4},"end":{"line":21,"column":47}},"8":{"start":{"line":27,"column":4},"end":{"line":29,"column":5}},"9":{"start":{"line":28,"column":6},"end":{"line":28,"column":57}},"10":{"start":{"line":30,"column":4},"end":{"line":30,"column":51}},"11":{"start":{"line":12,"column":13},"end":{"line":12,"column":32}},"12":{"start":{"line":17,"column":8},"end":{"line":22,"column":null}},"13":{"start":{"line":26,"column":8},"end":{"line":31,"column":null}},"14":{"start":{"line":12,"column":13},"end":{"line":32,"column":null}}},"fnMap":{"0":{"name":"(anonymous_4)","decl":{"start":{"line":13,"column":2},"end":{"line":13,"column":31}},"loc":{"start":{"line":13,"column":65},"end":{"line":13,"column":69}}},"1":{"name":"(anonymous_5)","decl":{"start":{"line":17,"column":8},"end":{"line":17,"column":14}},"loc":{"start":{"line":17,"column":60},"end":{"line":22,"column":3}}},"2":{"name":"(anonymous_6)","decl":{"start":{"line":26,"column":8},"end":{"line":26,"column":15}},"loc":{"start":{"line":26,"column":61},"end":{"line":31,"column":3}}}},"branchMap":{"0":{"loc":{"start":{"line":18,"column":4},"end":{"line":20,"column":5}},"type":"if","locations":[{"start":{"line":18,"column":4},"end":{"line":20,"column":5}},{"start":{},"end":{}}]},"1":{"loc":{"start":{"line":18,"column":8},"end":{"line":18,"column":36}},"type":"binary-expr","locations":[{"start":{"line":18,"column":8},"end":{"line":18,"column":14}},{"start":{"line":18,"column":18},"end":{"line":18,"column":36}}]},"2":{"loc":{"start":{"line":27,"column":4},"end":{"line":29,"column":5}},"type":"if","locations":[{"start":{"line":27,"column":4},"end":{"line":29,"column":5}},{"start":{},"end":{}}]},"3":{"loc":{"start":{"line":27,"column":8},"end":{"line":27,"column":36}},"type":"binary-expr","locations":[{"start":{"line":27,"column":8},"end":{"line":27,"column":14}},{"start":{"line":27,"column":18},"end":{"line":27,"column":36}}]},"4":{"loc":{"start":{"line":13,"column":49},"end":{"line":13,"column":68}},"type":"cond-expr","locations":[{"start":{"line":13,"column":65},"end":{"line":13,"column":68}},{"start":{"line":13,"column":65},"end":{"line":13,"column":68}}]},"5":{"loc":{"start":{"line":13,"column":49},"end":{"line":13,"column":65}},"type":"binary-expr","locations":[{"start":{"line":13,"column":49},"end":{"line":13,"column":68}},{"start":{"line":13,"column":49},"end":{"line":13,"column":65}}]}},"s":{"0":0,"1":0,"2":0,"3":0,"4":0,"5":0,"6":0,"7":0,"8":0,"9":0,"10":0,"11":0,"12":0,"13":0,"14":0},"f":{"0":0,"1":0,"2":0},"b":{"0":[0,0],"1":[0,0],"2":[0,0],"3":[0,0],"4":[0,0],"5":[0,0]}}
,"/Users/tanmaypandya/Documents/hello/buenaCaseStudy/backend/src/documents/documents.module.ts": {"path":"/Users/tanmaypandya/Documents/hello/buenaCaseStudy/backend/src/documents/documents.module.ts","statementMap":{"0":{"start":{"line":1,"column":0},"end":{"line":1,"column":40}},"1":{"start":{"line":2,"column":0},"end":{"line":2,"column":61}},"2":{"start":{"line":3,"column":0},"end":{"line":3,"column":55}},"3":{"start":{"line":4,"column":0},"end":{"line":4,"column":75}},"4":{"start":{"line":11,"column":7},"end":{"line":11,"column":null}},"5":{"start":{"line":11,"column":13},"end":{"line":11,"column":28}},"6":{"start":{"line":11,"column":13},"end":{"line":11,"column":null}}},"fnMap":{},"branchMap":{},"s":{"0":0,"1":0,"2":0,"3":0,"4":0,"5":0,"6":0},"f":{},"b":{}}
,"/Users/tanmaypandya/Documents/hello/buenaCaseStudy/backend/src/documents/documents.service.ts": {"path":"/Users/tanmaypandya/Documents/hello/buenaCaseStudy/backend/src/documents/documents.service.ts","statementMap":{"0":{"start":{"line":1,"column":0},"end":{"line":1,"column":44}},"1":{"start":{"line":2,"column":0},"end":{"line":2,"column":77}},"2":{"start":{"line":6,"column":7},"end":{"line":19,"column":null}},"3":{"start":{"line":7,"column":31},"end":{"line":7,"column":52}},"4":{"start":{"line":10,"column":4},"end":{"line":13,"column":8}},"5":{"start":{"line":10,"column":32},"end":{"line":13,"column":6}},"6":{"start":{"line":17,"column":4},"end":{"line":17,"column":64}},"7":{"start":{"line":6,"column":13},"end":{"line":6,"column":29}},"8":{"start":{"line":6,"column":13},"end":{"line":19,"column":null}}},"fnMap":{"0":{"name":"(anonymous_2)","decl":{"start":{"line":7,"column":2},"end":{"line":7,"column":31}},"loc":{"start":{"line":7,"column":71},"end":{"line":7,"column":75}}},"1":{"name":"(anonymous_3)","decl":{"start":{"line":9,"column":2},"end":{"line":9,"column":7}},"loc":{"start":{"line":9,"column":43},"end":{"line":14,"column":3}}},"2":{"name":"(anonymous_4)","decl":{"start":{"line":10,"column":21},"end":{"line":10,"column":22}},"loc":{"start":{"line":10,"column":32},"end":{"line":13,"column":6}}},"3":{"name":"(anonymous_5)","decl":{"start":{"line":16,"column":2},"end":{"line":16,"column":7}},"loc":{"start":{"line":16,"column":41},"end":{"line":18,"column":3}}}},"branchMap":{"0":{"loc":{"start":{"line":7,"column":52},"end":{"line":7,"column":74}},"type":"cond-expr","locations":[{"start":{"line":7,"column":71},"end":{"line":7,"column":74}},{"start":{"line":7,"column":71},"end":{"line":7,"column":74}}]},"1":{"loc":{"start":{"line":7,"column":52},"end":{"line":7,"column":71}},"type":"binary-expr","locations":[{"start":{"line":7,"column":52},"end":{"line":7,"column":74}},{"start":{"line":7,"column":52},"end":{"line":7,"column":71}}]}},"s":{"0":1,"1":1,"2":1,"3":5,"4":2,"5":3,"6":2,"7":1,"8":1},"f":{"0":5,"1":2,"2":3,"3":2},"b":{"0":[1,0],"1":[1,1]}}
,"/Users/tanmaypandya/Documents/hello/buenaCaseStudy/backend/src/documents/dto/extract-result.dto.ts": {"path":"/Users/tanmaypandya/Documents/hello/buenaCaseStudy/backend/src/documents/dto/extract-result.dto.ts","statementMap":{"0":{"start":{"line":1,"column":0},"end":{"line":1,"column":13}},"1":{"start":{"line":7,"column":0},"end":{"line":7,"column":13}},"2":{"start":{"line":16,"column":0},"end":{"line":16,"column":13}}},"fnMap":{},"branchMap":{},"s":{"0":0,"1":0,"2":0},"f":{},"b":{}}
,"/Users/tanmaypandya/Documents/hello/buenaCaseStudy/backend/src/properties/properties.controller.ts": {"path":"/Users/tanmaypandya/Documents/hello/buenaCaseStudy/backend/src/properties/properties.controller.ts","statementMap":{"0":{"start":{"line":1,"column":0},"end":{"line":1,"column":82}},"1":{"start":{"line":2,"column":0},"end":{"line":2,"column":82}},"2":{"start":{"line":3,"column":0},"end":{"line":3,"column":82}},"3":{"start":{"line":4,"column":0},"end":{"line":4,"column":73}},"4":{"start":{"line":5,"column":0},"end":{"line":5,"column":65}},"5":{"start":{"line":6,"column":0},"end":{"line":6,"column":57}},"6":{"start":{"line":7,"column":0},"end":{"line":7,"column":70}},"7":{"start":{"line":10,"column":7},"end":{"line":56,"column":null}},"8":{"start":{"line":12,"column":25},"end":{"line":12,"column":44}},"9":{"start":{"line":13,"column":25},"end":{"line":13,"column":40}},"10":{"start":{"line":18,"column":8},"end":{"line":18,"column":55}},"11":{"start":{"line":23,"column":8},"end":{"line":23,"column":51}},"12":{"start":{"line":28,"column":8},"end":{"line":28,"column":50}},"13":{"start":{"line":33,"column":8},"end":{"line":33,"column":54}},"14":{"start":{"line":38,"column":8},"end":{"line":38,"column":51}},"15":{"start":{"line":46,"column":8},"end":{"line":46,"column":69}},"16":{"start":{"line":54,"column":8},"end":{"line":54,"column":65}},"17":{"start":{"line":10,"column":13},"end":{"line":10,"column":33}},"18":{"start":{"line":17,"column":10},"end":{"line":19,"column":null}},"19":{"start":{"line":22,"column":10},"end":{"line":24,"column":null}},"20":{"start":{"line":27,"column":10},"end":{"line":29,"column":null}},"21":{"start":{"line":32,"column":10},"end":{"line":34,"column":null}},"22":{"start":{"line":37,"column":10},"end":{"line":39,"column":null}},"23":{"start":{"line":42,"column":10},"end":{"line":47,"column":null}},"24":{"start":{"line":50,"column":10},"end":{"line":55,"column":null}},"25":{"start":{"line":10,"column":13},"end":{"line":56,"column":null}}},"fnMap":{"0":{"name":"(anonymous_4)","decl":{"start":{"line":11,"column":4},"end":{"line":11,"column":null}},"loc":{"start":{"line":13,"column":63},"end":{"line":14,"column":8}}},"1":{"name":"(anonymous_5)","decl":{"start":{"line":17,"column":10},"end":{"line":17,"column":16}},"loc":{"start":{"line":17,"column":47},"end":{"line":19,"column":5}}},"2":{"name":"(anonymous_6)","decl":{"start":{"line":22,"column":10},"end":{"line":22,"column":17}},"loc":{"start":{"line":22,"column":49},"end":{"line":24,"column":5}}},"3":{"name":"(anonymous_7)","decl":{"start":{"line":27,"column":10},"end":{"line":27,"column":17}},"loc":{"start":{"line":27,"column":41},"end":{"line":29,"column":5}}},"4":{"name":"(anonymous_8)","decl":{"start":{"line":32,"column":10},"end":{"line":32,"column":16}},"loc":{"start":{"line":32,"column":81},"end":{"line":34,"column":5}}},"5":{"name":"(anonymous_9)","decl":{"start":{"line":37,"column":10},"end":{"line":37,"column":18}},"loc":{"start":{"line":37,"column":42},"end":{"line":39,"column":5}}},"6":{"name":"(anonymous_10)","decl":{"start":{"line":42,"column":10},"end":{"line":42,"column":29}},"loc":{"start":{"line":44,"column":43},"end":{"line":47,"column":5}}},"7":{"name":"(anonymous_11)","decl":{"start":{"line":50,"column":10},"end":{"line":50,"column":25}},"loc":{"start":{"line":52,"column":39},"end":{"line":55,"column":5}}}},"branchMap":{"0":{"loc":{"start":{"line":17,"column":30},"end":{"line":17,"column":null}},"type":"cond-expr","locations":[{"start":{"line":17,"column":47},"end":{"line":17,"column":null}},{"start":{"line":17,"column":47},"end":{"line":17,"column":null}}]},"1":{"loc":{"start":{"line":17,"column":30},"end":{"line":17,"column":47}},"type":"binary-expr","locations":[{"start":{"line":17,"column":30},"end":{"line":17,"column":null}},{"start":{"line":17,"column":30},"end":{"line":17,"column":47}}]},"2":{"loc":{"start":{"line":22,"column":32},"end":{"line":22,"column":null}},"type":"cond-expr","locations":[{"start":{"line":22,"column":49},"end":{"line":22,"column":null}},{"start":{"line":22,"column":49},"end":{"line":22,"column":null}}]},"3":{"loc":{"start":{"line":22,"column":32},"end":{"line":22,"column":49}},"type":"binary-expr","locations":[{"start":{"line":22,"column":32},"end":{"line":22,"column":null}},{"start":{"line":22,"column":32},"end":{"line":22,"column":49}}]},"4":{"loc":{"start":{"line":32,"column":55},"end":{"line":32,"column":81}},"type":"cond-expr","locations":[{"start":{"line":32,"column":62},"end":{"line":32,"column":81}},{"start":{"line":32,"column":62},"end":{"line":32,"column":81}}]},"5":{"loc":{"start":{"line":32,"column":55},"end":{"line":32,"column":62}},"type":"binary-expr","locations":[{"start":{"line":32,"column":55},"end":{"line":32,"column":81}},{"start":{"line":32,"column":55},"end":{"line":32,"column":62}}]},"6":{"loc":{"start":{"line":44,"column":21},"end":{"line":44,"column":null}},"type":"cond-expr","locations":[{"start":{"line":44,"column":43},"end":{"line":44,"column":null}},{"start":{"line":44,"column":43},"end":{"line":44,"column":null}}]},"7":{"loc":{"start":{"line":44,"column":21},"end":{"line":44,"column":43}},"type":"binary-expr","locations":[{"start":{"line":44,"column":21},"end":{"line":44,"column":null}},{"start":{"line":44,"column":21},"end":{"line":44,"column":43}}]},"8":{"loc":{"start":{"line":52,"column":21},"end":{"line":52,"column":null}},"type":"cond-expr","locations":[{"start":{"line":52,"column":39},"end":{"line":52,"column":null}},{"start":{"line":52,"column":39},"end":{"line":52,"column":null}}]},"9":{"loc":{"start":{"line":52,"column":21},"end":{"line":52,"column":39}},"type":"binary-expr","locations":[{"start":{"line":52,"column":21},"end":{"line":52,"column":null}},{"start":{"line":52,"column":21},"end":{"line":52,"column":39}}]},"10":{"loc":{"start":{"line":12,"column":44},"end":{"line":12,"column":null}},"type":"cond-expr","locations":[{"start":{"line":12,"column":61},"end":{"line":12,"column":null}},{"start":{"line":12,"column":61},"end":{"line":12,"column":null}}]},"11":{"loc":{"start":{"line":12,"column":44},"end":{"line":12,"column":61}},"type":"binary-expr","locations":[{"start":{"line":12,"column":44},"end":{"line":12,"column":null}},{"start":{"line":12,"column":44},"end":{"line":12,"column":61}}]},"12":{"loc":{"start":{"line":12,"column":61},"end":{"line":13,"column":null}},"type":"cond-expr","locations":[{"start":{"line":13,"column":63},"end":{"line":13,"column":null}},{"start":{"line":13,"column":63},"end":{"line":13,"column":null}}]},"13":{"loc":{"start":{"line":12,"column":61},"end":{"line":13,"column":63}},"type":"binary-expr","locations":[{"start":{"line":12,"column":61},"end":{"line":13,"column":null}},{"start":{"line":13,"column":40},"end":{"line":13,"column":63}}]}},"s":{"0":0,"1":0,"2":0,"3":0,"4":0,"5":0,"6":0,"7":0,"8":0,"9":0,"10":0,"11":0,"12":0,"13":0,"14":0,"15":0,"16":0,"17":0,"18":0,"19":0,"20":0,"21":0,"22":0,"23":0,"24":0,"25":0},"f":{"0":0,"1":0,"2":0,"3":0,"4":0,"5":0,"6":0,"7":0},"b":{"0":[0,0],"1":[0,0],"2":[0,0],"3":[0,0],"4":[0,0],"5":[0,0],"6":[0,0],"7":[0,0],"8":[0,0],"9":[0,0],"10":[0,0],"11":[0,0],"12":[0,0],"13":[0,0]}}
,"/Users/tanmaypandya/Documents/hello/buenaCaseStudy/backend/src/properties/properties.module.ts": {"path":"/Users/tanmaypandya/Documents/hello/buenaCaseStudy/backend/src/properties/properties.module.ts","statementMap":{"0":{"start":{"line":1,"column":0},"end":{"line":1,"column":40}},"1":{"start":{"line":2,"column":0},"end":{"line":2,"column":63}},"2":{"start":{"line":3,"column":0},"end":{"line":3,"column":57}},"3":{"start":{"line":4,"column":0},"end":{"line":4,"column":70}},"4":{"start":{"line":5,"column":0},"end":{"line":5,"column":105}},"5":{"start":{"line":12,"column":7},"end":{"line":12,"column":null}},"6":{"start":{"line":12,"column":13},"end":{"line":12,"column":29}},"7":{"start":{"line":12,"column":13},"end":{"line":12,"column":null}}},"fnMap":{},"branchMap":{},"s":{"0":0,"1":0,"2":0,"3":0,"4":0,"5":0,"6":0,"7":0},"f":{},"b":{}}
,"/Users/tanmaypandya/Documents/hello/buenaCaseStudy/backend/src/properties/properties.prisma.service.ts": {"path":"/Users/tanmaypandya/Documents/hello/buenaCaseStudy/backend/src/properties/properties.prisma.service.ts","statementMap":{"0":{"start":{"line":1,"column":0},"end":{"line":1,"column":84}},"1":{"start":{"line":2,"column":0},"end":{"line":2,"column":59}},"2":{"start":{"line":7,"column":0},"end":{"line":7,"column":48}},"3":{"start":{"line":10,"column":7},"end":{"line":132,"column":null}},"4":{"start":{"line":11,"column":31},"end":{"line":11,"column":39}},"5":{"start":{"line":14,"column":4},"end":{"line":24,"column":7}},"6":{"start":{"line":29,"column":4},"end":{"line":41,"column":7}},"7":{"start":{"line":46,"column":21},"end":{"line":53,"column":6}},"8":{"start":{"line":55,"column":4},"end":{"line":57,"column":5}},"9":{"start":{"line":56,"column":6},"end":{"line":56,"column":62}},"10":{"start":{"line":59,"column":4},"end":{"line":59,"column":20}},"11":{"start":{"line":64,"column":4},"end":{"line":64,"column":27}},"12":{"start":{"line":65,"column":4},"end":{"line":68,"column":7}},"13":{"start":{"line":73,"column":21},"end":{"line":76,"column":6}},"14":{"start":{"line":78,"column":4},"end":{"line":80,"column":5}},"15":{"start":{"line":79,"column":6},"end":{"line":79,"column":62}},"16":{"start":{"line":82,"column":4},"end":{"line":84,"column":5}},"17":{"start":{"line":83,"column":6},"end":{"line":83,"column":78}},"18":{"start":{"line":86,"column":4},"end":{"line":105,"column":5}},"19":{"start":{"line":87,"column":6},"end":{"line":89,"column":7}},"20":{"start":{"line":88,"column":8},"end":{"line":88,"column":74}},"21":{"start":{"line":91,"column":6},"end":{"line":93,"column":7}},"22":{"start":{"line":92,"column":8},"end":{"line":92,"column":82}},"23":{"start":{"line":95,"column":25},"end":{"line":97,"column":null}},"24":{"start":{"line":96,"column":23},"end":{"line":96,"column":57}},"25":{"start":{"line":100,"column":6},"end":{"line":104,"column":7}},"26":{"start":{"line":101,"column":8},"end":{"line":103,"column":10}},"27":{"start":{"line":107,"column":6},"end":{"line":110,"column":9}},"28":{"start":{"line":114,"column":17},"end":{"line":121,"column":7}},"29":{"start":{"line":114,"column":38},"end":{"line":121,"column":6}},"30":{"start":{"line":122,"column":4},"end":{"line":122,"column":53}},"31":{"start":{"line":126,"column":17},"end":{"line":129,"column":7}},"32":{"start":{"line":126,"column":38},"end":{"line":129,"column":6}},"33":{"start":{"line":130,"column":4},"end":{"line":130,"column":49}},"34":{"start":{"line":10,"column":13},"end":{"line":10,"column":36}},"35":{"start":{"line":10,"column":13},"end":{"line":132,"column":null}}},"fnMap":{"0":{"name":"(anonymous_2)","decl":{"start":{"line":11,"column":2},"end":{"line":11,"column":31}},"loc":{"start":{"line":11,"column":52},"end":{"line":11,"column":56}}},"1":{"name":"(anonymous_3)","decl":{"start":{"line":13,"column":2},"end":{"line":13,"column":7}},"loc":{"start":{"line":13,"column":42},"end":{"line":25,"column":3}}},"2":{"name":"(anonymous_4)","decl":{"start":{"line":28,"column":2},"end":{"line":28,"column":7}},"loc":{"start":{"line":28,"column":38},"end":{"line":42,"column":3}}},"3":{"name":"(anonymous_5)","decl":{"start":{"line":45,"column":2},"end":{"line":45,"column":7}},"loc":{"start":{"line":45,"column":26},"end":{"line":60,"column":3}}},"4":{"name":"(anonymous_6)","decl":{"start":{"line":63,"column":2},"end":{"line":63,"column":7}},"loc":{"start":{"line":63,"column":59},"end":{"line":69,"column":3}}},"5":{"name":"(anonymous_7)","decl":{"start":{"line":72,"column":2},"end":{"line":72,"column":7}},"loc":{"start":{"line":72,"column":27},"end":{"line":111,"column":5}}},"6":{"name":"(anonymous_8)","decl":{"start":{"line":96,"column":8},"end":{"line":96,"column":9}},"loc":{"start":{"line":96,"column":23},"end":{"line":96,"column":57}}},"7":{"name":"(anonymous_9)","decl":{"start":{"line":113,"column":2},"end":{"line":113,"column":7}},"loc":{"start":{"line":113,"column":74},"end":{"line":123,"column":3}}},"8":{"name":"(anonymous_10)","decl":{"start":{"line":114,"column":27},"end":{"line":114,"column":28}},"loc":{"start":{"line":114,"column":38},"end":{"line":121,"column":6}}},"9":{"name":"(anonymous_11)","decl":{"start":{"line":125,"column":2},"end":{"line":125,"column":7}},"loc":{"start":{"line":125,"column":66},"end":{"line":131,"column":3}}},"10":{"name":"(anonymous_12)","decl":{"start":{"line":126,"column":27},"end":{"line":126,"column":28}},"loc":{"start":{"line":126,"column":38},"end":{"line":129,"column":6}}}},"branchMap":{"0":{"loc":{"start":{"line":18,"column":24},"end":{"line":18,"column":66}},"type":"binary-expr","locations":[{"start":{"line":18,"column":24},"end":{"line":18,"column":42}},{"start":{"line":18,"column":46},"end":{"line":18,"column":66}}]},"1":{"loc":{"start":{"line":32,"column":12},"end":{"line":34,"column":10}},"type":"binary-expr","locations":[{"start":{"line":32,"column":12},"end":{"line":32,"column":22}},{"start":{"line":32,"column":26},"end":{"line":34,"column":10}}]},"2":{"loc":{"start":{"line":35,"column":12},"end":{"line":35,"column":66}},"type":"binary-expr","locations":[{"start":{"line":35,"column":12},"end":{"line":35,"column":22}},{"start":{"line":35,"column":26},"end":{"line":35,"column":66}}]},"3":{"loc":{"start":{"line":55,"column":4},"end":{"line":57,"column":5}},"type":"if","locations":[{"start":{"line":55,"column":4},"end":{"line":57,"column":5}},{"start":{},"end":{}}]},"4":{"loc":{"start":{"line":78,"column":4},"end":{"line":80,"column":5}},"type":"if","locations":[{"start":{"line":78,"column":4},"end":{"line":80,"column":5}},{"start":{},"end":{}}]},"5":{"loc":{"start":{"line":82,"column":4},"end":{"line":84,"column":5}},"type":"if","locations":[{"start":{"line":82,"column":4},"end":{"line":84,"column":5}},{"start":{},"end":{}}]},"6":{"loc":{"start":{"line":86,"column":4},"end":{"line":105,"column":5}},"type":"if","locations":[{"start":{"line":86,"column":4},"end":{"line":105,"column":5}},{"start":{},"end":{}}]},"7":{"loc":{"start":{"line":87,"column":6},"end":{"line":89,"column":7}},"type":"if","locations":[{"start":{"line":87,"column":6},"end":{"line":89,"column":7}},{"start":{},"end":{}}]},"8":{"loc":{"start":{"line":91,"column":6},"end":{"line":93,"column":7}},"type":"if","locations":[{"start":{"line":91,"column":6},"end":{"line":93,"column":7}},{"start":{},"end":{}}]},"9":{"loc":{"start":{"line":96,"column":30},"end":{"line":96,"column":56}},"type":"binary-expr","locations":[{"start":{"line":96,"column":30},"end":{"line":96,"column":51}},{"start":{"line":96,"column":55},"end":{"line":96,"column":56}}]},"10":{"loc":{"start":{"line":100,"column":6},"end":{"line":104,"column":7}},"type":"if","locations":[{"start":{"line":100,"column":6},"end":{"line":104,"column":7}},{"start":{},"end":{}}]},"11":{"loc":{"start":{"line":117,"column":14},"end":{"line":117,"column":31}},"type":"binary-expr","locations":[{"start":{"line":117,"column":14},"end":{"line":117,"column":25}},{"start":{"line":117,"column":29},"end":{"line":117,"column":31}}]},"12":{"loc":{"start":{"line":118,"column":19},"end":{"line":118,"column":41}},"type":"binary-expr","locations":[{"start":{"line":118,"column":19},"end":{"line":118,"column":35}},{"start":{"line":118,"column":39},"end":{"line":118,"column":41}}]},"13":{"loc":{"start":{"line":119,"column":15},"end":{"line":119,"column":33}},"type":"binary-expr","locations":[{"start":{"line":119,"column":15},"end":{"line":119,"column":27}},{"start":{"line":119,"column":31},"end":{"line":119,"column":33}}]},"14":{"loc":{"start":{"line":120,"column":12},"end":{"line":120,"column":27}},"type":"binary-expr","locations":[{"start":{"line":120,"column":12},"end":{"line":120,"column":21}},{"start":{"line":120,"column":25},"end":{"line":120,"column":27}}]},"15":{"loc":{"start":{"line":11,"column":39},"end":{"line":11,"column":55}},"type":"cond-expr","locations":[{"start":{"line":11,"column":52},"end":{"line":11,"column":55}},{"start":{"line":11,"column":52},"end":{"line":11,"column":55}}]},"16":{"loc":{"start":{"line":11,"column":39},"end":{"line":11,"column":52}},"type":"binary-expr","locations":[{"start":{"line":11,"column":39},"end":{"line":11,"column":55}},{"start":{"line":11,"column":39},"end":{"line":11,"column":52}}]}},"s":{"0":2,"1":2,"2":2,"3":2,"4":17,"5":2,"6":3,"7":4,"8":4,"9":2,"10":2,"11":2,"12":1,"13":6,"14":6,"15":1,"16":5,"17":1,"18":4,"19":4,"20":1,"21":3,"22":1,"23":2,"24":3,"25":2,"26":1,"27":1,"28":1,"29":2,"30":1,"31":1,"32":1,"33":1,"34":2,"35":2},"f":{"0":17,"1":2,"2":3,"3":4,"4":2,"5":6,"6":3,"7":1,"8":2,"9":1,"10":1},"b":{"0":[2,2],"1":[3,1],"2":[3,1],"3":[2,2],"4":[1,5],"5":[1,4],"6":[4,0],"7":[1,3],"8":[1,2],"9":[3,0],"10":[1,1],"11":[2,1],"12":[2,1],"13":[2,1],"14":[2,1],"15":[2,0],"16":[2,2]}}
,"/Users/tanmaypandya/Documents/hello/buenaCaseStudy/backend/src/properties/properties.service.ts": {"path":"/Users/tanmaypandya/Documents/hello/buenaCaseStudy/backend/src/properties/properties.service.ts","statementMap":{"0":{"start":{"line":1,"column":0},"end":{"line":1,"column":65}},"1":{"start":{"line":2,"column":0},"end":{"line":2,"column":70}},"2":{"start":{"line":7,"column":7},"end":{"line":32,"column":null}},"3":{"start":{"line":8,"column":31},"end":{"line":8,"column":46}},"4":{"start":{"line":11,"column":4},"end":{"line":13,"column":5}},"5":{"start":{"line":12,"column":6},"end":{"line":12,"column":72}},"6":{"start":{"line":14,"column":4},"end":{"line":14,"column":47}},"7":{"start":{"line":18,"column":4},"end":{"line":18,"column":43}},"8":{"start":{"line":22,"column":4},"end":{"line":22,"column":42}},"9":{"start":{"line":26,"column":4},"end":{"line":26,"column":47}},"10":{"start":{"line":30,"column":4},"end":{"line":30,"column":43}},"11":{"start":{"line":7,"column":13},"end":{"line":7,"column":30}},"12":{"start":{"line":7,"column":13},"end":{"line":32,"column":null}}},"fnMap":{"0":{"name":"(anonymous_2)","decl":{"start":{"line":8,"column":2},"end":{"line":8,"column":31}},"loc":{"start":{"line":8,"column":69},"end":{"line":8,"column":73}}},"1":{"name":"(anonymous_3)","decl":{"start":{"line":10,"column":2},"end":{"line":10,"column":7}},"loc":{"start":{"line":10,"column":42},"end":{"line":15,"column":3}}},"2":{"name":"(anonymous_4)","decl":{"start":{"line":17,"column":2},"end":{"line":17,"column":7}},"loc":{"start":{"line":17,"column":38},"end":{"line":19,"column":3}}},"3":{"name":"(anonymous_5)","decl":{"start":{"line":21,"column":2},"end":{"line":21,"column":7}},"loc":{"start":{"line":21,"column":26},"end":{"line":23,"column":3}}},"4":{"name":"(anonymous_6)","decl":{"start":{"line":25,"column":2},"end":{"line":25,"column":7}},"loc":{"start":{"line":25,"column":59},"end":{"line":27,"column":3}}},"5":{"name":"(anonymous_7)","decl":{"start":{"line":29,"column":2},"end":{"line":29,"column":7}},"loc":{"start":{"line":29,"column":27},"end":{"line":31,"column":3}}}},"branchMap":{"0":{"loc":{"start":{"line":11,"column":4},"end":{"line":13,"column":5}},"type":"if","locations":[{"start":{"line":11,"column":4},"end":{"line":13,"column":5}},{"start":{},"end":{}}]},"1":{"loc":{"start":{"line":11,"column":8},"end":{"line":11,"column":54}},"type":"binary-expr","locations":[{"start":{"line":11,"column":8},"end":{"line":11,"column":36}},{"start":{"line":11,"column":40},"end":{"line":11,"column":54}}]},"2":{"loc":{"start":{"line":8,"column":46},"end":{"line":8,"column":72}},"type":"cond-expr","locations":[{"start":{"line":8,"column":69},"end":{"line":8,"column":72}},{"start":{"line":8,"column":69},"end":{"line":8,"column":72}}]},"3":{"loc":{"start":{"line":8,"column":46},"end":{"line":8,"column":69}},"type":"binary-expr","locations":[{"start":{"line":8,"column":46},"end":{"line":8,"column":72}},{"start":{"line":8,"column":46},"end":{"line":8,"column":69}}]}},"s":{"0":1,"1":1,"2":1,"3":8,"4":4,"5":2,"6":2,"7":1,"8":1,"9":1,"10":1,"11":1,"12":1},"f":{"0":8,"1":4,"2":1,"3":1,"4":1,"5":1},"b":{"0":[2,2],"1":[4,3],"2":[1,0],"3":[1,1]}}
,"/Users/tanmaypandya/Documents/hello/buenaCaseStudy/backend/src/properties/dto/bulk-create-buildings.dto.ts": {"path":"/Users/tanmaypandya/Documents/hello/buenaCaseStudy/backend/src/properties/dto/bulk-create-buildings.dto.ts","statementMap":{"0":{"start":{"line":1,"column":0},"end":{"line":1,"column":72}},"1":{"start":{"line":2,"column":0},"end":{"line":2,"column":41}},"2":{"start":{"line":3,"column":0},"end":{"line":3,"column":96}},"3":{"start":{"line":5,"column":0},"end":{"line":5,"column":13}},"4":{"start":{"line":10,"column":2},"end":{"line":10,"column":null}},"5":{"start":{"line":9,"column":14},"end":{"line":9,"column":31}}},"fnMap":{"0":{"name":"(anonymous_2)","decl":{"start":{"line":9,"column":8},"end":{"line":9,"column":11}},"loc":{"start":{"line":9,"column":14},"end":{"line":9,"column":31}}}},"branchMap":{},"s":{"0":0,"1":0,"2":0,"3":0,"4":0,"5":0},"f":{"0":0},"b":{}}
,"/Users/tanmaypandya/Documents/hello/buenaCaseStudy/backend/src/properties/dto/bulk-create-units.dto.ts": {"path":"/Users/tanmaypandya/Documents/hello/buenaCaseStudy/backend/src/properties/dto/bulk-create-units.dto.ts","statementMap":{"0":{"start":{"line":1,"column":0},"end":{"line":1,"column":72}},"1":{"start":{"line":2,"column":0},"end":{"line":2,"column":41}},"2":{"start":{"line":3,"column":0},"end":{"line":3,"column":80}},"3":{"start":{"line":5,"column":0},"end":{"line":5,"column":13}},"4":{"start":{"line":10,"column":2},"end":{"line":10,"column":null}},"5":{"start":{"line":9,"column":14},"end":{"line":9,"column":27}}},"fnMap":{"0":{"name":"(anonymous_2)","decl":{"start":{"line":9,"column":8},"end":{"line":9,"column":11}},"loc":{"start":{"line":9,"column":14},"end":{"line":9,"column":27}}}},"branchMap":{},"s":{"0":0,"1":0,"2":0,"3":0,"4":0,"5":0},"f":{"0":0},"b":{}}
,"/Users/tanmaypandya/Documents/hello/buenaCaseStudy/backend/src/properties/dto/create-property.dto/create-property.dto.ts": {"path":"/Users/tanmaypandya/Documents/hello/buenaCaseStudy/backend/src/properties/dto/create-property.dto/create-property.dto.ts","statementMap":{"0":{"start":{"line":1,"column":0},"end":{"line":1,"column":63}},"1":{"start":{"line":2,"column":0},"end":{"line":2,"column":48}},"2":{"start":{"line":4,"column":0},"end":{"line":4,"column":13}},"3":{"start":{"line":6,"column":2},"end":{"line":6,"column":null}},"4":{"start":{"line":9,"column":2},"end":{"line":9,"column":null}},"5":{"start":{"line":13,"column":2},"end":{"line":13,"column":null}},"6":{"start":{"line":16,"column":2},"end":{"line":16,"column":null}},"7":{"start":{"line":20,"column":2},"end":{"line":20,"column":null}},"8":{"start":{"line":24,"column":2},"end":{"line":24,"column":null}},"9":{"start":{"line":28,"column":2},"end":{"line":28,"column":null}},"10":{"start":{"line":32,"column":2},"end":{"line":32,"column":null}},"11":{"start":{"line":36,"column":2},"end":{"line":36,"column":null}},"12":{"start":{"line":40,"column":2},"end":{"line":40,"column":null}}},"fnMap":{},"branchMap":{"0":{"loc":{"start":{"line":9,"column":18},"end":{"line":9,"column":33}},"type":"cond-expr","locations":[{"start":{"line":9,"column":32},"end":{"line":9,"column":33}},{"start":{"line":9,"column":32},"end":{"line":9,"column":33}}]},"1":{"loc":{"start":{"line":9,"column":18},"end":{"line":9,"column":32}},"type":"binary-expr","locations":[{"start":{"line":9,"column":18},"end":{"line":9,"column":33}},{"start":{"line":9,"column":18},"end":{"line":9,"column":32}}]}},"s":{"0":0,"1":0,"2":0,"3":0,"4":0,"5":0,"6":0,"7":0,"8":0,"9":0,"10":0,"11":0,"12":0},"f":{},"b":{"0":[0,0],"1":[0,0]}}
,"/Users/tanmaypandya/Documents/hello/buenaCaseStudy/backend/src/properties/dto/list-properties.dto/list-properties.dto.ts": {"path":"/Users/tanmaypandya/Documents/hello/buenaCaseStudy/backend/src/properties/dto/list-properties.dto/list-properties.dto.ts","statementMap":{"0":{"start":{"line":1,"column":0},"end":{"line":1,"column":66}},"1":{"start":{"line":2,"column":0},"end":{"line":2,"column":46}},"2":{"start":{"line":4,"column":0},"end":{"line":4,"column":13}},"3":{"start":{"line":7,"column":2},"end":{"line":7,"column":null}},"4":{"start":{"line":11,"column":2},"end":{"line":11,"column":null}},"5":{"start":{"line":16,"column":2},"end":{"line":16,"column":null}},"6":{"start":{"line":15,"column":28},"end":{"line":15,"column":62}}},"fnMap":{"0":{"name":"(anonymous_2)","decl":{"start":{"line":15,"column":13},"end":{"line":15,"column":14}},"loc":{"start":{"line":15,"column":28},"end":{"line":15,"column":62}}}},"branchMap":{"0":{"loc":{"start":{"line":15,"column":28},"end":{"line":15,"column":62}},"type":"binary-expr","locations":[{"start":{"line":15,"column":28},"end":{"line":15,"column":44}},{"start":{"line":15,"column":48},"end":{"line":15,"column":62}}]}},"s":{"0":0,"1":0,"2":0,"3":0,"4":0,"5":0,"6":0},"f":{"0":0},"b":{"0":[0,0]}}
,"/Users/tanmaypandya/Documents/hello/buenaCaseStudy/backend/src/properties/dto/update-property.dto/update-property.dto.ts": {"path":"/Users/tanmaypandya/Documents/hello/buenaCaseStudy/backend/src/properties/dto/update-property.dto/update-property.dto.ts","statementMap":{"0":{"start":{"line":1,"column":0},"end":{"line":1,"column":51}},"1":{"start":{"line":2,"column":0},"end":{"line":2,"column":79}},"2":{"start":{"line":4,"column":0},"end":{"line":4,"column":13}}},"fnMap":{},"branchMap":{},"s":{"0":0,"1":0,"2":0},"f":{},"b":{}}
,"/Users/tanmaypandya/Documents/hello/buenaCaseStudy/backend/src/properties/validators/property-validation/property-validation.service.ts": {"path":"/Users/tanmaypandya/Documents/hello/buenaCaseStudy/backend/src/properties/validators/property-validation/property-validation.service.ts","statementMap":{"0":{"start":{"line":1,"column":0},"end":{"line":1,"column":44}},"1":{"start":{"line":4,"column":7},"end":{"line":4,"column":null}},"2":{"start":{"line":4,"column":13},"end":{"line":4,"column":38}},"3":{"start":{"line":4,"column":13},"end":{"line":4,"column":null}}},"fnMap":{},"branchMap":{},"s":{"0":0,"1":0,"2":0,"3":0},"f":{},"b":{}}
,"/Users/tanmaypandya/Documents/hello/buenaCaseStudy/backend/src/test-utils/fixtures.ts": {"path":"/Users/tanmaypandya/Documents/hello/buenaCaseStudy/backend/src/test-utils/fixtures.ts","statementMap":{"0":{"start":{"line":1,"column":0},"end":{"line":1,"column":64}},"1":{"start":{"line":3,"column":28},"end":{"line":29,"column":2}},"2":{"start":{"line":3,"column":70},"end":{"line":29,"column":2}},"3":{"start":{"line":3,"column":13},"end":{"line":3,"column":28}},"4":{"start":{"line":31,"column":28},"end":{"line":45,"column":2}},"5":{"start":{"line":31,"column":70},"end":{"line":45,"column":2}},"6":{"start":{"line":31,"column":13},"end":{"line":31,"column":28}},"7":{"start":{"line":47,"column":24},"end":{"line":72,"column":2}},"8":{"start":{"line":47,"column":66},"end":{"line":72,"column":2}},"9":{"start":{"line":47,"column":13},"end":{"line":47,"column":24}}},"fnMap":{"0":{"name":"(anonymous_0)","decl":{"start":{"line":3,"column":28},"end":{"line":3,"column":29}},"loc":{"start":{"line":3,"column":70},"end":{"line":29,"column":2}}},"1":{"name":"(anonymous_1)","decl":{"start":{"line":31,"column":28},"end":{"line":31,"column":29}},"loc":{"start":{"line":31,"column":70},"end":{"line":45,"column":2}}},"2":{"name":"(anonymous_2)","decl":{"start":{"line":47,"column":24},"end":{"line":47,"column":25}},"loc":{"start":{"line":47,"column":66},"end":{"line":72,"column":2}}}},"branchMap":{"0":{"loc":{"start":{"line":3,"column":29},"end":{"line":3,"column":64}},"type":"default-arg","locations":[{"start":{"line":3,"column":62},"end":{"line":3,"column":64}}]},"1":{"loc":{"start":{"line":31,"column":29},"end":{"line":31,"column":64}},"type":"default-arg","locations":[{"start":{"line":31,"column":62},"end":{"line":31,"column":64}}]},"2":{"loc":{"start":{"line":47,"column":25},"end":{"line":47,"column":60}},"type":"default-arg","locations":[{"start":{"line":47,"column":58},"end":{"line":47,"column":60}}]}},"s":{"0":3,"1":3,"2":16,"3":3,"4":3,"5":0,"6":3,"7":3,"8":10,"9":3},"f":{"0":16,"1":0,"2":10},"b":{"0":[6],"1":[0],"2":[5]}}
,"/Users/tanmaypandya/Documents/hello/buenaCaseStudy/backend/src/test-utils/prisma-mock.factory.ts": {"path":"/Users/tanmaypandya/Documents/hello/buenaCaseStudy/backend/src/test-utils/prisma-mock.factory.ts","statementMap":{"0":{"start":{"line":6,"column":0},"end":{"line":6,"column":16}},"1":{"start":{"line":7,"column":2},"end":{"line":53,"column":4}}},"fnMap":{"0":{"name":"createPrismaMock","decl":{"start":{"line":6,"column":16},"end":{"line":6,"column":32}},"loc":{"start":{"line":6,"column":32},"end":{"line":54,"column":1}}}},"branchMap":{},"s":{"0":2,"1":30},"f":{"0":30},"b":{}}
,"/Users/tanmaypandya/Documents/hello/buenaCaseStudy/backend/src/units/units.controller.ts": {"path":"/Users/tanmaypandya/Documents/hello/buenaCaseStudy/backend/src/units/units.controller.ts","statementMap":{"0":{"start":{"line":1,"column":0},"end":{"line":1,"column":null}},"1":{"start":{"line":10,"column":0},"end":{"line":10,"column":47}},"2":{"start":{"line":11,"column":0},"end":{"line":11,"column":54}},"3":{"start":{"line":12,"column":0},"end":{"line":12,"column":65}},"4":{"start":{"line":13,"column":0},"end":{"line":13,"column":65}},"5":{"start":{"line":16,"column":7},"end":{"line":60,"column":null}},"6":{"start":{"line":17,"column":31},"end":{"line":17,"column":45}},"7":{"start":{"line":22,"column":4},"end":{"line":22,"column":56}},"8":{"start":{"line":28,"column":4},"end":{"line":28,"column":41}},"9":{"start":{"line":37,"column":4},"end":{"line":37,"column":63}},"10":{"start":{"line":46,"column":4},"end":{"line":46,"column":63}},"11":{"start":{"line":52,"column":4},"end":{"line":52,"column":45}},"12":{"start":{"line":58,"column":4},"end":{"line":58,"column":40}},"13":{"start":{"line":16,"column":13},"end":{"line":16,"column":28}},"14":{"start":{"line":21,"column":8},"end":{"line":23,"column":null}},"15":{"start":{"line":27,"column":8},"end":{"line":29,"column":null}},"16":{"start":{"line":33,"column":8},"end":{"line":38,"column":null}},"17":{"start":{"line":42,"column":8},"end":{"line":47,"column":null}},"18":{"start":{"line":51,"column":8},"end":{"line":53,"column":null}},"19":{"start":{"line":57,"column":8},"end":{"line":59,"column":null}},"20":{"start":{"line":16,"column":13},"end":{"line":60,"column":null}}},"fnMap":{"0":{"name":"(anonymous_4)","decl":{"start":{"line":17,"column":2},"end":{"line":17,"column":31}},"loc":{"start":{"line":17,"column":57},"end":{"line":17,"column":61}}},"1":{"name":"(anonymous_5)","decl":{"start":{"line":21,"column":8},"end":{"line":21,"column":22}},"loc":{"start":{"line":21,"column":62},"end":{"line":23,"column":3}}},"2":{"name":"(anonymous_6)","decl":{"start":{"line":27,"column":8},"end":{"line":27,"column":15}},"loc":{"start":{"line":27,"column":39},"end":{"line":29,"column":3}}},"3":{"name":"(anonymous_7)","decl":{"start":{"line":33,"column":8},"end":{"line":33,"column":18}},"loc":{"start":{"line":35,"column":35},"end":{"line":38,"column":3}}},"4":{"name":"(anonymous_8)","decl":{"start":{"line":42,"column":8},"end":{"line":42,"column":18}},"loc":{"start":{"line":44,"column":35},"end":{"line":47,"column":3}}},"5":{"name":"(anonymous_9)","decl":{"start":{"line":51,"column":8},"end":{"line":51,"column":14}},"loc":{"start":{"line":51,"column":66},"end":{"line":53,"column":3}}},"6":{"name":"(anonymous_10)","decl":{"start":{"line":57,"column":8},"end":{"line":57,"column":14}},"loc":{"start":{"line":57,"column":38},"end":{"line":59,"column":3}}}},"branchMap":{"0":{"loc":{"start":{"line":35,"column":17},"end":{"line":35,"column":null}},"type":"cond-expr","locations":[{"start":{"line":35,"column":35},"end":{"line":35,"column":null}},{"start":{"line":35,"column":35},"end":{"line":35,"column":null}}]},"1":{"loc":{"start":{"line":35,"column":17},"end":{"line":35,"column":35}},"type":"binary-expr","locations":[{"start":{"line":35,"column":17},"end":{"line":35,"column":null}},{"start":{"line":35,"column":17},"end":{"line":35,"column":35}}]},"2":{"loc":{"start":{"line":44,"column":17},"end":{"line":44,"column":null}},"type":"cond-expr","locations":[{"start":{"line":44,"column":35},"end":{"line":44,"column":null}},{"start":{"line":44,"column":35},"end":{"line":44,"column":null}}]},"3":{"loc":{"start":{"line":44,"column":17},"end":{"line":44,"column":35}},"type":"binary-expr","locations":[{"start":{"line":44,"column":17},"end":{"line":44,"column":null}},{"start":{"line":44,"column":17},"end":{"line":44,"column":35}}]},"4":{"loc":{"start":{"line":51,"column":53},"end":{"line":51,"column":null}},"type":"cond-expr","locations":[{"start":{"line":51,"column":66},"end":{"line":51,"column":null}},{"start":{"line":51,"column":66},"end":{"line":51,"column":null}}]},"5":{"loc":{"start":{"line":51,"column":53},"end":{"line":51,"column":66}},"type":"binary-expr","locations":[{"start":{"line":51,"column":53},"end":{"line":51,"column":null}},{"start":{"line":51,"column":53},"end":{"line":51,"column":66}}]},"6":{"loc":{"start":{"line":17,"column":45},"end":{"line":17,"column":60}},"type":"cond-expr","locations":[{"start":{"line":17,"column":57},"end":{"line":17,"column":60}},{"start":{"line":17,"column":57},"end":{"line":17,"column":60}}]},"7":{"loc":{"start":{"line":17,"column":45},"end":{"line":17,"column":57}},"type":"binary-expr","locations":[{"start":{"line":17,"column":45},"end":{"line":17,"column":60}},{"start":{"line":17,"column":45},"end":{"line":17,"column":57}}]}},"s":{"0":0,"1":0,"2":0,"3":0,"4":0,"5":0,"6":0,"7":0,"8":0,"9":0,"10":0,"11":0,"12":0,"13":0,"14":0,"15":0,"16":0,"17":0,"18":0,"19":0,"20":0},"f":{"0":0,"1":0,"2":0,"3":0,"4":0,"5":0,"6":0},"b":{"0":[0,0],"1":[0,0],"2":[0,0],"3":[0,0],"4":[0,0],"5":[0,0],"6":[0,0],"7":[0,0]}}
,"/Users/tanmaypandya/Documents/hello/buenaCaseStudy/backend/src/units/units.module.ts": {"path":"/Users/tanmaypandya/Documents/hello/buenaCaseStudy/backend/src/units/units.module.ts","statementMap":{"0":{"start":{"line":1,"column":0},"end":{"line":1,"column":40}},"1":{"start":{"line":2,"column":0},"end":{"line":2,"column":53}},"2":{"start":{"line":3,"column":0},"end":{"line":3,"column":47}},"3":{"start":{"line":10,"column":7},"end":{"line":10,"column":null}},"4":{"start":{"line":10,"column":13},"end":{"line":10,"column":24}},"5":{"start":{"line":10,"column":13},"end":{"line":10,"column":null}}},"fnMap":{},"branchMap":{},"s":{"0":0,"1":0,"2":0,"3":0,"4":0,"5":0},"f":{},"b":{}}
,"/Users/tanmaypandya/Documents/hello/buenaCaseStudy/backend/src/units/units.service.ts": {"path":"/Users/tanmaypandya/Documents/hello/buenaCaseStudy/backend/src/units/units.service.ts","statementMap":{"0":{"start":{"line":1,"column":0},"end":{"line":1,"column":null}},"1":{"start":{"line":6,"column":0},"end":{"line":6,"column":59}},"2":{"start":{"line":12,"column":7},"end":{"line":176,"column":null}},"3":{"start":{"line":13,"column":31},"end":{"line":13,"column":39}},"4":{"start":{"line":19,"column":4},"end":{"line":19,"column":48}},"5":{"start":{"line":21,"column":4},"end":{"line":25,"column":7}},"6":{"start":{"line":32,"column":17},"end":{"line":35,"column":6}},"7":{"start":{"line":37,"column":4},"end":{"line":39,"column":5}},"8":{"start":{"line":38,"column":6},"end":{"line":38,"column":58}},"9":{"start":{"line":40,"column":4},"end":{"line":40,"column":16}},"10":{"start":{"line":47,"column":4},"end":{"line":47,"column":48}},"11":{"start":{"line":50,"column":33},"end":{"line":50,"column":77}},"12":{"start":{"line":50,"column":62},"end":{"line":50,"column":74}},"13":{"start":{"line":53,"column":27},"end":{"line":56,"column":6}},"14":{"start":{"line":57,"column":21},"end":{"line":57,"column":61}},"15":{"start":{"line":57,"column":55},"end":{"line":57,"column":59}},"16":{"start":{"line":58,"column":23},"end":{"line":58,"column":77}},"17":{"start":{"line":58,"column":59},"end":{"line":58,"column":76}},"18":{"start":{"line":60,"column":4},"end":{"line":64,"column":5}},"19":{"start":{"line":61,"column":6},"end":{"line":63,"column":8}},"20":{"start":{"line":67,"column":17},"end":{"line":70,"column":7}},"21":{"start":{"line":67,"column":38},"end":{"line":70,"column":6}},"22":{"start":{"line":72,"column":19},"end":{"line":72,"column":62}},"23":{"start":{"line":75,"column":20},"end":{"line":80,"column":6}},"24":{"start":{"line":82,"column":4},"end":{"line":82,"column":51}},"25":{"start":{"line":89,"column":4},"end":{"line":89,"column":48}},"26":{"start":{"line":91,"column":29},"end":{"line":91,"column":51}},"27":{"start":{"line":91,"column":46},"end":{"line":91,"column":50}},"28":{"start":{"line":94,"column":26},"end":{"line":97,"column":6}},"29":{"start":{"line":98,"column":24},"end":{"line":98,"column":63}},"30":{"start":{"line":98,"column":57},"end":{"line":98,"column":61}},"31":{"start":{"line":99,"column":23},"end":{"line":99,"column":76}},"32":{"start":{"line":99,"column":55},"end":{"line":99,"column":75}},"33":{"start":{"line":101,"column":4},"end":{"line":105,"column":5}},"34":{"start":{"line":102,"column":6},"end":{"line":104,"column":8}},"35":{"start":{"line":108,"column":27},"end":{"line":110,"column":6}},"36":{"start":{"line":109,"column":37},"end":{"line":109,"column":49}},"37":{"start":{"line":109,"column":62},"end":{"line":109,"column":75}},"38":{"start":{"line":111,"column":4},"end":{"line":125,"column":5}},"39":{"start":{"line":112,"column":29},"end":{"line":115,"column":8}},"40":{"start":{"line":116,"column":33},"end":{"line":116,"column":73}},"41":{"start":{"line":116,"column":67},"end":{"line":116,"column":71}},"42":{"start":{"line":117,"column":27},"end":{"line":118,"column":null}},"43":{"start":{"line":118,"column":16},"end":{"line":118,"column":43}},"44":{"start":{"line":120,"column":6},"end":{"line":124,"column":7}},"45":{"start":{"line":121,"column":8},"end":{"line":123,"column":10}},"46":{"start":{"line":128,"column":20},"end":{"line":135,"column":null}},"47":{"start":{"line":130,"column":8},"end":{"line":134,"column":10}},"48":{"start":{"line":138,"column":4},"end":{"line":138,"column":53}},"49":{"start":{"line":145,"column":4},"end":{"line":145,"column":27}},"50":{"start":{"line":146,"column":4},"end":{"line":150,"column":7}},"51":{"start":{"line":157,"column":4},"end":{"line":157,"column":27}},"52":{"start":{"line":158,"column":4},"end":{"line":161,"column":7}},"53":{"start":{"line":168,"column":21},"end":{"line":171,"column":6}},"54":{"start":{"line":172,"column":4},"end":{"line":174,"column":5}},"55":{"start":{"line":173,"column":6},"end":{"line":173,"column":70}},"56":{"start":{"line":12,"column":13},"end":{"line":12,"column":25}},"57":{"start":{"line":12,"column":13},"end":{"line":176,"column":null}}},"fnMap":{"0":{"name":"(anonymous_2)","decl":{"start":{"line":13,"column":2},"end":{"line":13,"column":31}},"loc":{"start":{"line":13,"column":52},"end":{"line":13,"column":56}}},"1":{"name":"(anonymous_3)","decl":{"start":{"line":18,"column":2},"end":{"line":18,"column":7}},"loc":{"start":{"line":18,"column":41},"end":{"line":26,"column":3}}},"2":{"name":"(anonymous_4)","decl":{"start":{"line":31,"column":2},"end":{"line":31,"column":7}},"loc":{"start":{"line":31,"column":26},"end":{"line":41,"column":3}}},"3":{"name":"(anonymous_5)","decl":{"start":{"line":46,"column":2},"end":{"line":46,"column":7}},"loc":{"start":{"line":46,"column":61},"end":{"line":83,"column":3}}},"4":{"name":"(anonymous_6)","decl":{"start":{"line":50,"column":55},"end":{"line":50,"column":56}},"loc":{"start":{"line":50,"column":62},"end":{"line":50,"column":74}}},"5":{"name":"(anonymous_7)","decl":{"start":{"line":57,"column":48},"end":{"line":57,"column":49}},"loc":{"start":{"line":57,"column":55},"end":{"line":57,"column":59}}},"6":{"name":"(anonymous_8)","decl":{"start":{"line":58,"column":51},"end":{"line":58,"column":52}},"loc":{"start":{"line":58,"column":59},"end":{"line":58,"column":76}}},"7":{"name":"(anonymous_9)","decl":{"start":{"line":67,"column":27},"end":{"line":67,"column":28}},"loc":{"start":{"line":67,"column":38},"end":{"line":70,"column":6}}},"8":{"name":"(anonymous_10)","decl":{"start":{"line":88,"column":2},"end":{"line":88,"column":7}},"loc":{"start":{"line":88,"column":66},"end":{"line":139,"column":3}}},"9":{"name":"(anonymous_11)","decl":{"start":{"line":91,"column":39},"end":{"line":91,"column":40}},"loc":{"start":{"line":91,"column":46},"end":{"line":91,"column":50}}},"10":{"name":"(anonymous_12)","decl":{"start":{"line":98,"column":50},"end":{"line":98,"column":51}},"loc":{"start":{"line":98,"column":57},"end":{"line":98,"column":61}}},"11":{"name":"(anonymous_13)","decl":{"start":{"line":99,"column":47},"end":{"line":99,"column":48}},"loc":{"start":{"line":99,"column":55},"end":{"line":99,"column":75}}},"12":{"name":"(anonymous_14)","decl":{"start":{"line":109,"column":30},"end":{"line":109,"column":31}},"loc":{"start":{"line":109,"column":37},"end":{"line":109,"column":49}}},"13":{"name":"(anonymous_15)","decl":{"start":{"line":109,"column":55},"end":{"line":109,"column":56}},"loc":{"start":{"line":109,"column":62},"end":{"line":109,"column":75}}},"14":{"name":"(anonymous_16)","decl":{"start":{"line":116,"column":60},"end":{"line":116,"column":61}},"loc":{"start":{"line":116,"column":67},"end":{"line":116,"column":71}}},"15":{"name":"(anonymous_17)","decl":{"start":{"line":118,"column":8},"end":{"line":118,"column":9}},"loc":{"start":{"line":118,"column":16},"end":{"line":118,"column":43}}},"16":{"name":"(anonymous_18)","decl":{"start":{"line":129,"column":16},"end":{"line":129,"column":17}},"loc":{"start":{"line":130,"column":8},"end":{"line":134,"column":10}}},"17":{"name":"(anonymous_19)","decl":{"start":{"line":144,"column":2},"end":{"line":144,"column":7}},"loc":{"start":{"line":144,"column":45},"end":{"line":151,"column":3}}},"18":{"name":"(anonymous_20)","decl":{"start":{"line":156,"column":2},"end":{"line":156,"column":7}},"loc":{"start":{"line":156,"column":25},"end":{"line":162,"column":3}}},"19":{"name":"(anonymous_21)","decl":{"start":{"line":167,"column":10},"end":{"line":167,"column":15}},"loc":{"start":{"line":167,"column":55},"end":{"line":175,"column":3}}}},"branchMap":{"0":{"loc":{"start":{"line":37,"column":4},"end":{"line":39,"column":5}},"type":"if","locations":[{"start":{"line":37,"column":4},"end":{"line":39,"column":5}},{"start":{},"end":{}}]},"1":{"loc":{"start":{"line":60,"column":4},"end":{"line":64,"column":5}},"type":"if","locations":[{"start":{"line":60,"column":4},"end":{"line":64,"column":5}},{"start":{},"end":{}}]},"2":{"loc":{"start":{"line":101,"column":4},"end":{"line":105,"column":5}},"type":"if","locations":[{"start":{"line":101,"column":4},"end":{"line":105,"column":5}},{"start":{},"end":{}}]},"3":{"loc":{"start":{"line":111,"column":4},"end":{"line":125,"column":5}},"type":"if","locations":[{"start":{"line":111,"column":4},"end":{"line":125,"column":5}},{"start":{},"end":{}}]},"4":{"loc":{"start":{"line":120,"column":6},"end":{"line":124,"column":7}},"type":"if","locations":[{"start":{"line":120,"column":6},"end":{"line":124,"column":7}},{"start":{},"end":{}}]},"5":{"loc":{"start":{"line":172,"column":4},"end":{"line":174,"column":5}},"type":"if","locations":[{"start":{"line":172,"column":4},"end":{"line":174,"column":5}},{"start":{},"end":{}}]},"6":{"loc":{"start":{"line":13,"column":39},"end":{"line":13,"column":55}},"type":"cond-expr","locations":[{"start":{"line":13,"column":52},"end":{"line":13,"column":55}},{"start":{"line":13,"column":52},"end":{"line":13,"column":55}}]},"7":{"loc":{"start":{"line":13,"column":39},"end":{"line":13,"column":52}},"type":"binary-expr","locations":[{"start":{"line":13,"column":39},"end":{"line":13,"column":55}},{"start":{"line":13,"column":39},"end":{"line":13,"column":52}}]}},"s":{"0":1,"1":1,"2":1,"3":13,"4":2,"5":1,"6":6,"7":6,"8":3,"9":3,"10":2,"11":2,"12":2,"13":2,"14":2,"15":1,"16":2,"17":2,"18":2,"19":1,"20":1,"21":1,"22":1,"23":1,"24":1,"25":2,"26":2,"27":2,"28":2,"29":2,"30":1,"31":2,"32":2,"33":2,"34":1,"35":1,"36":1,"37":0,"38":1,"39":0,"40":0,"41":0,"42":0,"43":0,"44":0,"45":0,"46":1,"47":1,"48":1,"49":1,"50":1,"51":2,"52":1,"53":6,"54":6,"55":1,"56":1,"57":1},"f":{"0":13,"1":2,"2":6,"3":2,"4":2,"5":1,"6":2,"7":1,"8":2,"9":2,"10":1,"11":2,"12":1,"13":0,"14":0,"15":0,"16":1,"17":1,"18":2,"19":6},"b":{"0":[3,3],"1":[1,1],"2":[1,1],"3":[0,1],"4":[0,0],"5":[1,5],"6":[1,0],"7":[1,1]}}
,"/Users/tanmaypandya/Documents/hello/buenaCaseStudy/backend/src/units/dto/bulk-create-units.dto.ts": {"path":"/Users/tanmaypandya/Documents/hello/buenaCaseStudy/backend/src/units/dto/bulk-create-units.dto.ts","statementMap":{"0":{"start":{"line":1,"column":0},"end":{"line":1,"column":72}},"1":{"start":{"line":2,"column":0},"end":{"line":2,"column":41}},"2":{"start":{"line":3,"column":0},"end":{"line":3,"column":66}},"3":{"start":{"line":5,"column":0},"end":{"line":5,"column":13}},"4":{"start":{"line":10,"column":2},"end":{"line":10,"column":null}},"5":{"start":{"line":9,"column":14},"end":{"line":9,"column":27}}},"fnMap":{"0":{"name":"(anonymous_2)","decl":{"start":{"line":9,"column":8},"end":{"line":9,"column":11}},"loc":{"start":{"line":9,"column":14},"end":{"line":9,"column":27}}}},"branchMap":{},"s":{"0":0,"1":0,"2":0,"3":0,"4":0,"5":0},"f":{"0":0},"b":{}}
,"/Users/tanmaypandya/Documents/hello/buenaCaseStudy/backend/src/units/dto/bulk-update-units.dto.ts": {"path":"/Users/tanmaypandya/Documents/hello/buenaCaseStudy/backend/src/units/dto/bulk-update-units.dto.ts","statementMap":{"0":{"start":{"line":1,"column":0},"end":{"line":1,"column":null}},"1":{"start":{"line":11,"column":0},"end":{"line":11,"column":41}},"2":{"start":{"line":12,"column":0},"end":{"line":12,"column":42}},"3":{"start":{"line":18,"column":0},"end":{"line":18,"column":13}},"4":{"start":{"line":20,"column":2},"end":{"line":20,"column":null}},"5":{"start":{"line":24,"column":2},"end":{"line":24,"column":null}},"6":{"start":{"line":28,"column":2},"end":{"line":28,"column":null}},"7":{"start":{"line":32,"column":2},"end":{"line":32,"column":null}},"8":{"start":{"line":36,"column":2},"end":{"line":36,"column":null}},"9":{"start":{"line":40,"column":2},"end":{"line":40,"column":null}},"10":{"start":{"line":44,"column":2},"end":{"line":44,"column":null}},"11":{"start":{"line":48,"column":2},"end":{"line":48,"column":null}},"12":{"start":{"line":52,"column":2},"end":{"line":52,"column":null}},"13":{"start":{"line":56,"column":2},"end":{"line":56,"column":null}},"14":{"start":{"line":60,"column":2},"end":{"line":60,"column":null}},"15":{"start":{"line":63,"column":0},"end":{"line":63,"column":13}},"16":{"start":{"line":68,"column":2},"end":{"line":68,"column":null}},"17":{"start":{"line":67,"column":14},"end":{"line":67,"column":32}}},"fnMap":{"0":{"name":"(anonymous_2)","decl":{"start":{"line":67,"column":8},"end":{"line":67,"column":11}},"loc":{"start":{"line":67,"column":14},"end":{"line":67,"column":32}}}},"branchMap":{"0":{"loc":{"start":{"line":28,"column":9},"end":{"line":28,"column":18}},"type":"cond-expr","locations":[{"start":{"line":28,"column":17},"end":{"line":28,"column":18}},{"start":{"line":28,"column":17},"end":{"line":28,"column":18}}]},"1":{"loc":{"start":{"line":28,"column":9},"end":{"line":28,"column":17}},"type":"binary-expr","locations":[{"start":{"line":28,"column":9},"end":{"line":28,"column":18}},{"start":{"line":28,"column":9},"end":{"line":28,"column":17}}]}},"s":{"0":0,"1":0,"2":0,"3":0,"4":0,"5":0,"6":0,"7":0,"8":0,"9":0,"10":0,"11":0,"12":0,"13":0,"14":0,"15":0,"16":0,"17":0},"f":{"0":0},"b":{"0":[0,0],"1":[0,0]}}
,"/Users/tanmaypandya/Documents/hello/buenaCaseStudy/backend/src/units/dto/update-unit.dto.ts": {"path":"/Users/tanmaypandya/Documents/hello/buenaCaseStudy/backend/src/units/dto/update-unit.dto.ts","statementMap":{"0":{"start":{"line":1,"column":0},"end":{"line":1,"column":51}},"1":{"start":{"line":2,"column":0},"end":{"line":2,"column":66}},"2":{"start":{"line":4,"column":0},"end":{"line":4,"column":13}}},"fnMap":{},"branchMap":{},"s":{"0":0,"1":0,"2":0},"f":{},"b":{}}
,"/Users/tanmaypandya/Documents/hello/buenaCaseStudy/backend/src/units/dto/create-unit.dto/create-unit.dto.ts": {"path":"/Users/tanmaypandya/Documents/hello/buenaCaseStudy/backend/src/units/dto/create-unit.dto/create-unit.dto.ts","statementMap":{"0":{"start":{"line":1,"column":0},"end":{"line":1,"column":84}},"1":{"start":{"line":2,"column":0},"end":{"line":2,"column":42}},"2":{"start":{"line":4,"column":0},"end":{"line":4,"column":13}},"3":{"start":{"line":6,"column":2},"end":{"line":6,"column":null}},"4":{"start":{"line":9,"column":2},"end":{"line":9,"column":null}},"5":{"start":{"line":12,"column":2},"end":{"line":12,"column":null}},"6":{"start":{"line":16,"column":2},"end":{"line":16,"column":null}},"7":{"start":{"line":20,"column":2},"end":{"line":20,"column":null}},"8":{"start":{"line":24,"column":2},"end":{"line":24,"column":null}},"9":{"start":{"line":28,"column":2},"end":{"line":28,"column":null}},"10":{"start":{"line":32,"column":2},"end":{"line":32,"column":null}},"11":{"start":{"line":36,"column":2},"end":{"line":36,"column":null}},"12":{"start":{"line":40,"column":2},"end":{"line":40,"column":null}}},"fnMap":{},"branchMap":{"0":{"loc":{"start":{"line":9,"column":8},"end":{"line":9,"column":17}},"type":"cond-expr","locations":[{"start":{"line":9,"column":16},"end":{"line":9,"column":17}},{"start":{"line":9,"column":16},"end":{"line":9,"column":17}}]},"1":{"loc":{"start":{"line":9,"column":8},"end":{"line":9,"column":16}},"type":"binary-expr","locations":[{"start":{"line":9,"column":8},"end":{"line":9,"column":17}},{"start":{"line":9,"column":8},"end":{"line":9,"column":16}}]}},"s":{"0":0,"1":0,"2":0,"3":0,"4":0,"5":0,"6":0,"7":0,"8":0,"9":0,"10":0,"11":0,"12":0},"f":{},"b":{"0":[0,0],"1":[0,0]}}
,"/Users/tanmaypandya/Documents/hello/buenaCaseStudy/backend/src/users/users.controller.ts": {"path":"/Users/tanmaypandya/Documents/hello/buenaCaseStudy/backend/src/users/users.controller.ts","statementMap":{"0":{"start":{"line":1,"column":0},"end":{"line":1,"column":44}},"1":{"start":{"line":4,"column":7},"end":{"line":4,"column":null}},"2":{"start":{"line":4,"column":13},"end":{"line":4,"column":28}},"3":{"start":{"line":4,"column":13},"end":{"line":4,"column":null}}},"fnMap":{},"branchMap":{},"s":{"0":0,"1":0,"2":0,"3":0},"f":{},"b":{}}
,"/Users/tanmaypandya/Documents/hello/buenaCaseStudy/backend/src/users/users.module.ts": {"path":"/Users/tanmaypandya/Documents/hello/buenaCaseStudy/backend/src/users/users.module.ts","statementMap":{"0":{"start":{"line":1,"column":0},"end":{"line":1,"column":40}},"1":{"start":{"line":2,"column":0},"end":{"line":2,"column":53}},"2":{"start":{"line":3,"column":0},"end":{"line":3,"column":47}},"3":{"start":{"line":9,"column":7},"end":{"line":9,"column":null}},"4":{"start":{"line":9,"column":13},"end":{"line":9,"column":24}},"5":{"start":{"line":9,"column":13},"end":{"line":9,"column":null}}},"fnMap":{},"branchMap":{},"s":{"0":0,"1":0,"2":0,"3":0,"4":0,"5":0},"f":{},"b":{}}
,"/Users/tanmaypandya/Documents/hello/buenaCaseStudy/backend/src/users/users.service.ts": {"path":"/Users/tanmaypandya/Documents/hello/buenaCaseStudy/backend/src/users/users.service.ts","statementMap":{"0":{"start":{"line":1,"column":0},"end":{"line":1,"column":44}},"1":{"start":{"line":4,"column":7},"end":{"line":4,"column":null}},"2":{"start":{"line":4,"column":13},"end":{"line":4,"column":25}},"3":{"start":{"line":4,"column":13},"end":{"line":4,"column":null}}},"fnMap":{},"branchMap":{},"s":{"0":0,"1":0,"2":0,"3":0},"f":{},"b":{}}
}
