TN:
SF:src/app.module.ts
FNF:0
FNH:0
DA:1,0
DA:2,0
DA:3,0
DA:4,0
DA:5,0
DA:6,0
DA:7,0
DA:8,0
DA:9,0
DA:10,0
DA:11,0
DA:26,0
LF:12
LH:0
BRF:0
BRH:0
end_of_record
TN:
SF:src/main.ts
FN:7,bootstrap
FNF:1
FNH:0
FNDA:0,bootstrap
DA:1,0
DA:2,0
DA:3,0
DA:4,0
DA:5,0
DA:8,0
DA:9,0
DA:10,0
DA:16,0
DA:17,0
DA:20,0
LF:11
LH:0
BRDA:17,0,0,0
BRDA:17,0,1,0
BRF:2
BRH:0
end_of_record
TN:
SF:src/ai-extraction/ai-extraction.controller.ts
FNF:0
FNH:0
DA:1,0
DA:4,0
LF:2
LH:0
BRF:0
BRH:0
end_of_record
TN:
SF:src/ai-extraction/ai-extraction.module.ts
FNF:0
FNH:0
DA:1,0
DA:2,0
DA:8,0
LF:3
LH:0
BRF:0
BRH:0
end_of_record
TN:
SF:src/ai-extraction/ai-extraction.service.ts
FN:11,(anonymous_3)
FN:22,(anonymous_4)
FN:35,(anonymous_5)
FN:82,(anonymous_6)
FNF:4
FNH:3
FNDA:6,(anonymous_3)
FNDA:6,(anonymous_4)
FNDA:0,(anonymous_5)
FNDA:2,(anonymous_6)
DA:1,2
DA:2,2
DA:3,2
DA:7,2
DA:8,6
DA:9,6
DA:12,6
DA:13,6
DA:14,1
DA:18,5
DA:23,6
DA:24,2
DA:29,4
DA:30,4
DA:33,4
DA:34,0
DA:35,0
DA:36,0
DA:38,0
DA:41,4
DA:42,1
DA:45,3
DA:62,3
DA:70,3
DA:71,3
DA:73,3
DA:74,3
DA:75,1
DA:78,2
DA:81,2
DA:82,2
DA:86,2
DA:88,2
LF:33
LH:29
BRDA:13,0,0,1
BRDA:13,0,1,5
BRDA:13,1,0,6
BRDA:13,1,1,5
BRDA:23,2,0,2
BRDA:23,2,1,4
BRDA:33,3,0,0
BRDA:33,3,1,4
BRDA:41,4,0,1
BRDA:41,4,1,3
BRDA:41,5,0,4
BRDA:41,5,1,3
BRDA:74,6,0,1
BRDA:74,6,1,2
BRDA:81,7,0,2
BRDA:81,7,1,0
BRDA:82,8,0,2
BRDA:82,8,1,0
BRDA:89,9,0,1
BRDA:89,9,1,1
BRDA:90,10,0,2
BRDA:90,10,1,0
BRDA:91,11,0,2
BRDA:91,11,1,0
BRDA:92,12,0,1
BRDA:92,12,1,1
BRF:26
BRH:21
end_of_record
TN:
SF:src/ai-extraction/dto/start-ai-extraction.dto/start-ai-extraction.dto.ts
FNF:0
FNH:0
DA:1,0
LF:1
LH:0
BRF:0
BRH:0
end_of_record
TN:
SF:src/auth/auth.module.ts
FNF:0
FNH:0
DA:1,0
DA:2,0
DA:3,0
DA:14,0
LF:4
LH:0
BRF:0
BRH:0
end_of_record
TN:
SF:src/auth/skip-auth.decorator.ts
FN:5,(anonymous_0)
FNF:1
FNH:0
FNDA:0,(anonymous_0)
DA:1,1
DA:3,1
DA:5,1
LF:3
LH:3
BRF:0
BRH:0
end_of_record
TN:
SF:src/auth/supabase-auth.guard.ts
FN:14,(anonymous_2)
FN:19,(anonymous_3)
FN:43,(anonymous_4)
FNF:3
FNH:3
FNDA:5,(anonymous_2)
FNDA:7,(anonymous_3)
FNDA:6,(anonymous_4)
DA:1,1
DA:7,1
DA:8,1
DA:10,1
DA:13,1
DA:15,5
DA:16,5
DA:20,7
DA:24,7
DA:26,6
DA:27,6
DA:29,6
DA:30,3
DA:33,3
DA:34,3
DA:35,1
DA:37,2
DA:40,1
DA:44,6
DA:45,6
LF:20
LH:20
BRDA:24,0,0,1
BRDA:24,0,1,6
BRDA:29,1,0,3
BRDA:29,1,1,3
BRDA:44,2,0,6
BRDA:44,2,1,2
BRDA:45,3,0,3
BRDA:45,3,1,3
BRDA:15,4,0,1
BRDA:15,4,1,0
BRDA:15,5,0,1
BRDA:15,5,1,1
BRDA:15,6,0,1
BRDA:15,6,1,0
BRDA:15,7,0,1
BRDA:15,7,1,1
BRF:16
BRH:14
end_of_record
TN:
SF:src/buildings/buildings.controller.ts
FNF:0
FNH:0
DA:1,0
DA:4,0
LF:2
LH:0
BRF:0
BRH:0
end_of_record
TN:
SF:src/buildings/buildings.module.ts
FNF:0
FNH:0
DA:1,0
DA:2,0
DA:3,0
DA:9,0
LF:4
LH:0
BRF:0
BRH:0
end_of_record
TN:
SF:src/buildings/buildings.service.ts
FNF:0
FNH:0
DA:1,0
DA:4,0
LF:2
LH:0
BRF:0
BRH:0
end_of_record
TN:
SF:src/buildings/dto/create-building.dto/create-building.dto.ts
FNF:0
FNH:0
DA:1,0
DA:3,0
DA:6,0
DA:10,0
DA:14,0
DA:18,0
DA:22,0
LF:7
LH:0
BRF:0
BRH:0
end_of_record
TN:
SF:src/common/filters/prisma-exception.filter.ts
FN:9,(anonymous_1)
FNF:1
FNH:1
FNDA:6,(anonymous_1)
DA:1,1
DA:2,1
DA:6,1
DA:7,6
DA:10,6
DA:11,6
DA:13,6
DA:15,6
DA:16,4
DA:17,4
DA:19,4
DA:21,1
DA:22,1
DA:23,1
DA:25,1
DA:26,1
DA:27,1
DA:29,1
DA:30,1
DA:31,1
DA:34,4
DA:37,2
DA:38,1
DA:44,1
DA:45,1
DA:51,0
LF:26
LH:25
BRDA:15,0,0,4
BRDA:15,0,1,2
BRDA:19,1,0,1
BRDA:19,1,1,1
BRDA:19,1,2,1
BRDA:37,2,0,1
BRDA:37,2,1,1
BRDA:44,3,0,1
BRDA:44,3,1,0
BRF:9
BRH:8
end_of_record
TN:
SF:src/database/database.module.ts
FNF:0
FNH:0
DA:1,0
DA:2,0
DA:9,0
LF:3
LH:0
BRF:0
BRH:0
end_of_record
TN:
SF:src/database/prisma.service.ts
FN:11,(anonymous_2)
FN:19,(anonymous_3)
FN:29,(anonymous_4)
FNF:3
FNH:0
FNDA:0,(anonymous_2)
FNDA:0,(anonymous_3)
FNDA:0,(anonymous_4)
DA:1,3
DA:2,3
DA:3,3
DA:4,3
DA:7,3
DA:9,0
DA:12,0
DA:13,0
DA:14,0
DA:15,0
DA:16,0
DA:21,0
DA:22,0
DA:23,0
DA:25,0
DA:30,0
LF:16
LH:5
BRF:0
BRH:0
end_of_record
TN:
SF:src/documents/documents.controller.ts
FN:13,(anonymous_4)
FN:17,(anonymous_5)
FN:26,(anonymous_6)
FNF:3
FNH:0
FNDA:0,(anonymous_4)
FNDA:0,(anonymous_5)
FNDA:0,(anonymous_6)
DA:1,0
DA:8,0
DA:9,0
DA:12,0
DA:13,0
DA:17,0
DA:18,0
DA:19,0
DA:21,0
DA:26,0
DA:27,0
DA:28,0
DA:30,0
LF:13
LH:0
BRDA:18,0,0,0
BRDA:18,0,1,0
BRDA:18,1,0,0
BRDA:18,1,1,0
BRDA:27,2,0,0
BRDA:27,2,1,0
BRDA:27,3,0,0
BRDA:27,3,1,0
BRDA:13,4,0,0
BRDA:13,4,1,0
BRDA:13,5,0,0
BRDA:13,5,1,0
BRF:12
BRH:0
end_of_record
TN:
SF:src/documents/documents.module.ts
FNF:0
FNH:0
DA:1,0
DA:2,0
DA:3,0
DA:4,0
DA:11,0
LF:5
LH:0
BRF:0
BRH:0
end_of_record
TN:
SF:src/documents/documents.service.ts
FN:7,(anonymous_2)
FN:9,(anonymous_3)
FN:10,(anonymous_4)
FN:16,(anonymous_5)
FNF:4
FNH:4
FNDA:5,(anonymous_2)
FNDA:2,(anonymous_3)
FNDA:3,(anonymous_4)
FNDA:2,(anonymous_5)
DA:1,1
DA:2,1
DA:6,1
DA:7,5
DA:10,3
DA:17,2
LF:6
LH:6
BRDA:7,0,0,1
BRDA:7,0,1,0
BRDA:7,1,0,1
BRDA:7,1,1,1
BRF:4
BRH:3
end_of_record
TN:
SF:src/documents/dto/extract-result.dto.ts
FNF:0
FNH:0
DA:1,0
DA:7,0
DA:16,0
LF:3
LH:0
BRF:0
BRH:0
end_of_record
TN:
SF:src/properties/properties.controller.ts
FN:11,(anonymous_4)
FN:17,(anonymous_5)
FN:22,(anonymous_6)
FN:27,(anonymous_7)
FN:32,(anonymous_8)
FN:37,(anonymous_9)
FN:42,(anonymous_10)
FN:50,(anonymous_11)
FNF:8
FNH:0
FNDA:0,(anonymous_4)
FNDA:0,(anonymous_5)
FNDA:0,(anonymous_6)
FNDA:0,(anonymous_7)
FNDA:0,(anonymous_8)
FNDA:0,(anonymous_9)
FNDA:0,(anonymous_10)
FNDA:0,(anonymous_11)
DA:1,0
DA:2,0
DA:3,0
DA:4,0
DA:5,0
DA:6,0
DA:7,0
DA:10,0
DA:12,0
DA:13,0
DA:17,0
DA:18,0
DA:22,0
DA:23,0
DA:27,0
DA:28,0
DA:32,0
DA:33,0
DA:37,0
DA:38,0
DA:42,0
DA:46,0
DA:50,0
DA:54,0
LF:24
LH:0
BRDA:17,0,0,0
BRDA:17,0,1,0
BRDA:17,1,0,0
BRDA:17,1,1,0
BRDA:22,2,0,0
BRDA:22,2,1,0
BRDA:22,3,0,0
BRDA:22,3,1,0
BRDA:32,4,0,0
BRDA:32,4,1,0
BRDA:32,5,0,0
BRDA:32,5,1,0
BRDA:44,6,0,0
BRDA:44,6,1,0
BRDA:44,7,0,0
BRDA:44,7,1,0
BRDA:52,8,0,0
BRDA:52,8,1,0
BRDA:52,9,0,0
BRDA:52,9,1,0
BRDA:12,10,0,0
BRDA:12,10,1,0
BRDA:12,11,0,0
BRDA:12,11,1,0
BRDA:12,12,0,0
BRDA:12,12,1,0
BRDA:12,13,0,0
BRDA:12,13,1,0
BRF:28
BRH:0
end_of_record
TN:
SF:src/properties/properties.module.ts
FNF:0
FNH:0
DA:1,0
DA:2,0
DA:3,0
DA:4,0
DA:5,0
DA:12,0
LF:6
LH:0
BRF:0
BRH:0
end_of_record
TN:
SF:src/properties/properties.prisma.service.ts
FN:11,(anonymous_2)
FN:13,(anonymous_3)
FN:28,(anonymous_4)
FN:45,(anonymous_5)
FN:63,(anonymous_6)
FN:72,(anonymous_7)
FN:96,(anonymous_8)
FN:113,(anonymous_9)
FN:114,(anonymous_10)
FN:125,(anonymous_11)
FN:126,(anonymous_12)
FNF:11
FNH:11
FNDA:17,(anonymous_2)
FNDA:2,(anonymous_3)
FNDA:3,(anonymous_4)
FNDA:4,(anonymous_5)
FNDA:2,(anonymous_6)
FNDA:6,(anonymous_7)
FNDA:3,(anonymous_8)
FNDA:1,(anonymous_9)
FNDA:2,(anonymous_10)
FNDA:1,(anonymous_11)
FNDA:1,(anonymous_12)
DA:1,2
DA:2,2
DA:7,2
DA:10,2
DA:11,17
DA:14,2
DA:29,3
DA:46,4
DA:55,4
DA:56,2
DA:59,2
DA:64,2
DA:65,1
DA:73,6
DA:78,6
DA:79,1
DA:82,5
DA:83,1
DA:86,4
DA:87,4
DA:88,1
DA:91,3
DA:92,1
DA:95,2
DA:96,3
DA:100,2
DA:101,1
DA:107,1
DA:114,2
DA:122,1
DA:126,1
DA:130,1
LF:32
LH:32
BRDA:18,0,0,2
BRDA:18,0,1,2
BRDA:32,1,0,3
BRDA:32,1,1,1
BRDA:35,2,0,3
BRDA:35,2,1,1
BRDA:55,3,0,2
BRDA:55,3,1,2
BRDA:78,4,0,1
BRDA:78,4,1,5
BRDA:82,5,0,1
BRDA:82,5,1,4
BRDA:86,6,0,4
BRDA:86,6,1,0
BRDA:87,7,0,1
BRDA:87,7,1,3
BRDA:91,8,0,1
BRDA:91,8,1,2
BRDA:96,9,0,3
BRDA:96,9,1,0
BRDA:100,10,0,1
BRDA:100,10,1,1
BRDA:117,11,0,2
BRDA:117,11,1,1
BRDA:118,12,0,2
BRDA:118,12,1,1
BRDA:119,13,0,2
BRDA:119,13,1,1
BRDA:120,14,0,2
BRDA:120,14,1,1
BRDA:11,15,0,2
BRDA:11,15,1,0
BRDA:11,16,0,2
BRDA:11,16,1,2
BRF:34
BRH:31
end_of_record
TN:
SF:src/properties/properties.service.ts
FN:8,(anonymous_2)
FN:10,(anonymous_3)
FN:17,(anonymous_4)
FN:21,(anonymous_5)
FN:25,(anonymous_6)
FN:29,(anonymous_7)
FNF:6
FNH:6
FNDA:8,(anonymous_2)
FNDA:4,(anonymous_3)
FNDA:1,(anonymous_4)
FNDA:1,(anonymous_5)
FNDA:1,(anonymous_6)
FNDA:1,(anonymous_7)
DA:1,1
DA:2,1
DA:7,1
DA:8,8
DA:11,4
DA:12,2
DA:14,2
DA:18,1
DA:22,1
DA:26,1
DA:30,1
LF:11
LH:11
BRDA:11,0,0,2
BRDA:11,0,1,2
BRDA:11,1,0,4
BRDA:11,1,1,3
BRDA:8,2,0,1
BRDA:8,2,1,0
BRDA:8,3,0,1
BRDA:8,3,1,1
BRF:8
BRH:7
end_of_record
TN:
SF:src/properties/dto/bulk-create-buildings.dto.ts
FN:9,(anonymous_2)
FNF:1
FNH:0
FNDA:0,(anonymous_2)
DA:1,0
DA:2,0
DA:3,0
DA:5,0
DA:9,0
DA:10,0
LF:6
LH:0
BRF:0
BRH:0
end_of_record
TN:
SF:src/properties/dto/bulk-create-units.dto.ts
FN:9,(anonymous_2)
FNF:1
FNH:0
FNDA:0,(anonymous_2)
DA:1,0
DA:2,0
DA:3,0
DA:5,0
DA:9,0
DA:10,0
LF:6
LH:0
BRF:0
BRH:0
end_of_record
TN:
SF:src/properties/dto/create-property.dto/create-property.dto.ts
FNF:0
FNH:0
DA:1,0
DA:2,0
DA:4,0
DA:6,0
DA:9,0
DA:13,0
DA:16,0
DA:20,0
DA:24,0
DA:28,0
DA:32,0
DA:36,0
DA:40,0
LF:13
LH:0
BRDA:9,0,0,0
BRDA:9,0,1,0
BRDA:9,1,0,0
BRDA:9,1,1,0
BRF:4
BRH:0
end_of_record
TN:
SF:src/properties/dto/list-properties.dto/list-properties.dto.ts
FN:15,(anonymous_2)
FNF:1
FNH:0
FNDA:0,(anonymous_2)
DA:1,0
DA:2,0
DA:4,0
DA:7,0
DA:11,0
DA:15,0
DA:16,0
LF:7
LH:0
BRDA:15,0,0,0
BRDA:15,0,1,0
BRF:2
BRH:0
end_of_record
TN:
SF:src/properties/dto/update-property.dto/update-property.dto.ts
FNF:0
FNH:0
DA:1,0
DA:2,0
DA:4,0
LF:3
LH:0
BRF:0
BRH:0
end_of_record
TN:
SF:src/properties/validators/property-validation/property-validation.service.ts
FNF:0
FNH:0
DA:1,0
DA:4,0
LF:2
LH:0
BRF:0
BRH:0
end_of_record
TN:
SF:src/test-utils/fixtures.ts
FN:3,(anonymous_0)
FN:31,(anonymous_1)
FN:47,(anonymous_2)
FNF:3
FNH:2
FNDA:16,(anonymous_0)
FNDA:0,(anonymous_1)
FNDA:10,(anonymous_2)
DA:1,3
DA:3,16
DA:31,3
DA:47,10
LF:4
LH:4
BRDA:3,0,0,6
BRDA:31,1,0,0
BRDA:47,2,0,5
BRF:3
BRH:2
end_of_record
TN:
SF:src/test-utils/prisma-mock.factory.ts
FN:6,createPrismaMock
FNF:1
FNH:1
FNDA:30,createPrismaMock
DA:6,2
DA:7,30
LF:2
LH:2
BRF:0
BRH:0
end_of_record
TN:
SF:src/units/units.controller.ts
FN:17,(anonymous_4)
FN:21,(anonymous_5)
FN:27,(anonymous_6)
FN:33,(anonymous_7)
FN:42,(anonymous_8)
FN:51,(anonymous_9)
FN:57,(anonymous_10)
FNF:7
FNH:0
FNDA:0,(anonymous_4)
FNDA:0,(anonymous_5)
FNDA:0,(anonymous_6)
FNDA:0,(anonymous_7)
FNDA:0,(anonymous_8)
FNDA:0,(anonymous_9)
FNDA:0,(anonymous_10)
DA:1,0
DA:10,0
DA:11,0
DA:12,0
DA:13,0
DA:16,0
DA:17,0
DA:21,0
DA:22,0
DA:27,0
DA:28,0
DA:33,0
DA:37,0
DA:42,0
DA:46,0
DA:51,0
DA:52,0
DA:57,0
DA:58,0
LF:19
LH:0
BRDA:35,0,0,0
BRDA:35,0,1,0
BRDA:35,1,0,0
BRDA:35,1,1,0
BRDA:44,2,0,0
BRDA:44,2,1,0
BRDA:44,3,0,0
BRDA:44,3,1,0
BRDA:51,4,0,0
BRDA:51,4,1,0
BRDA:51,5,0,0
BRDA:51,5,1,0
BRDA:17,6,0,0
BRDA:17,6,1,0
BRDA:17,7,0,0
BRDA:17,7,1,0
BRF:16
BRH:0
end_of_record
TN:
SF:src/units/units.module.ts
FNF:0
FNH:0
DA:1,0
DA:2,0
DA:3,0
DA:10,0
LF:4
LH:0
BRF:0
BRH:0
end_of_record
TN:
SF:src/units/units.service.ts
FN:13,(anonymous_2)
FN:18,(anonymous_3)
FN:31,(anonymous_4)
FN:46,(anonymous_5)
FN:50,(anonymous_6)
FN:57,(anonymous_7)
FN:58,(anonymous_8)
FN:67,(anonymous_9)
FN:88,(anonymous_10)
FN:91,(anonymous_11)
FN:98,(anonymous_12)
FN:99,(anonymous_13)
FN:109,(anonymous_14)
FN:109,(anonymous_15)
FN:116,(anonymous_16)
FN:118,(anonymous_17)
FN:129,(anonymous_18)
FN:144,(anonymous_19)
FN:156,(anonymous_20)
FN:167,(anonymous_21)
FNF:20
FNH:17
FNDA:13,(anonymous_2)
FNDA:2,(anonymous_3)
FNDA:6,(anonymous_4)
FNDA:2,(anonymous_5)
FNDA:2,(anonymous_6)
FNDA:1,(anonymous_7)
FNDA:2,(anonymous_8)
FNDA:1,(anonymous_9)
FNDA:2,(anonymous_10)
FNDA:2,(anonymous_11)
FNDA:1,(anonymous_12)
FNDA:2,(anonymous_13)
FNDA:1,(anonymous_14)
FNDA:0,(anonymous_15)
FNDA:0,(anonymous_16)
FNDA:0,(anonymous_17)
FNDA:1,(anonymous_18)
FNDA:1,(anonymous_19)
FNDA:2,(anonymous_20)
FNDA:6,(anonymous_21)
DA:1,1
DA:6,1
DA:12,1
DA:13,13
DA:19,2
DA:21,1
DA:32,6
DA:37,6
DA:38,3
DA:40,3
DA:47,2
DA:50,2
DA:53,2
DA:57,2
DA:58,2
DA:60,2
DA:61,1
DA:67,1
DA:72,1
DA:75,1
DA:82,1
DA:89,2
DA:91,2
DA:94,2
DA:98,2
DA:99,2
DA:101,2
DA:102,1
DA:108,1
DA:109,1
DA:111,1
DA:112,0
DA:116,0
DA:117,0
DA:118,0
DA:120,0
DA:121,0
DA:128,1
DA:130,1
DA:138,1
DA:145,1
DA:146,1
DA:157,2
DA:158,1
DA:168,6
DA:172,6
DA:173,1
LF:47
LH:41
BRDA:37,0,0,3
BRDA:37,0,1,3
BRDA:60,1,0,1
BRDA:60,1,1,1
BRDA:101,2,0,1
BRDA:101,2,1,1
BRDA:111,3,0,0
BRDA:111,3,1,1
BRDA:120,4,0,0
BRDA:120,4,1,0
BRDA:172,5,0,1
BRDA:172,5,1,5
BRDA:13,6,0,1
BRDA:13,6,1,0
BRDA:13,7,0,1
BRDA:13,7,1,1
BRF:16
BRH:12
end_of_record
TN:
SF:src/units/dto/bulk-create-units.dto.ts
FN:9,(anonymous_2)
FNF:1
FNH:0
FNDA:0,(anonymous_2)
DA:1,0
DA:2,0
DA:3,0
DA:5,0
DA:9,0
DA:10,0
LF:6
LH:0
BRF:0
BRH:0
end_of_record
TN:
SF:src/units/dto/bulk-update-units.dto.ts
FN:67,(anonymous_2)
FNF:1
FNH:0
FNDA:0,(anonymous_2)
DA:1,0
DA:11,0
DA:12,0
DA:18,0
DA:20,0
DA:24,0
DA:28,0
DA:32,0
DA:36,0
DA:40,0
DA:44,0
DA:48,0
DA:52,0
DA:56,0
DA:60,0
DA:63,0
DA:67,0
DA:68,0
LF:18
LH:0
BRDA:28,0,0,0
BRDA:28,0,1,0
BRDA:28,1,0,0
BRDA:28,1,1,0
BRF:4
BRH:0
end_of_record
TN:
SF:src/units/dto/update-unit.dto.ts
FNF:0
FNH:0
DA:1,0
DA:2,0
DA:4,0
LF:3
LH:0
BRF:0
BRH:0
end_of_record
TN:
SF:src/units/dto/create-unit.dto/create-unit.dto.ts
FNF:0
FNH:0
DA:1,0
DA:2,0
DA:4,0
DA:6,0
DA:9,0
DA:12,0
DA:16,0
DA:20,0
DA:24,0
DA:28,0
DA:32,0
DA:36,0
DA:40,0
LF:13
LH:0
BRDA:9,0,0,0
BRDA:9,0,1,0
BRDA:9,1,0,0
BRDA:9,1,1,0
BRF:4
BRH:0
end_of_record
TN:
SF:src/users/users.controller.ts
FNF:0
FNH:0
DA:1,0
DA:4,0
LF:2
LH:0
BRF:0
BRH:0
end_of_record
TN:
SF:src/users/users.module.ts
FNF:0
FNH:0
DA:1,0
DA:2,0
DA:3,0
DA:9,0
LF:4
LH:0
BRF:0
BRH:0
end_of_record
TN:
SF:src/users/users.service.ts
FNF:0
FNH:0
DA:1,0
DA:4,0
LF:2
LH:0
BRF:0
BRH:0
end_of_record
